# JRE version: OpenJDK Runtime Environment Temurin-17.0.11+9 (17.0.11+9) (build 17.0.11+9)
# Java VM: OpenJDK 64-Bit Server VM Temurin-17.0.11+9 (17.0.11+9, mixed mode, tiered, compressed oops, compressed class ptrs, parallel gc, windows-amd64)
GC Precious Log:
 CPUs: 8 total, 8 available
 Memory: 12091M
 Large Page Support: Disabled
 NUMA Support: Disabled
 Compressed Oops: Enabled (32-bit)
 Alignments: Space 512K, Generation 512K, Heap 2M
 Heap Min Capacity: 100M
 Heap Initial Capacity: 100M
 Heap Max Capacity: 1G
 Pre-touch: Disabled
 Parallel Workers: 8
Heap:
 PSYoungGen      total 28160K, used 13060K [0x00000000eab00000, 0x00000000ed000000, 0x0000000100000000)
  eden space 18432K, 21% used [0x00000000eab00000,0x00000000eaee2478,0x00000000ebd00000)
  from space 9728K, 93% used [0x00000000ebd00000,0x00000000ec5dec30,0x00000000ec680000)
  to   space 9728K, 0% used [0x00000000ec680000,0x00000000ec680000,0x00000000ed000000)
 ParOldGen       total 134144K, used 121975K [0x00000000c0000000, 0x00000000c8300000, 0x00000000eab00000)
  object space 134144K, 90% used [0x00000000c0000000,0x00000000c771df10,0x00000000c8300000)
 Metaspace       used 80942K, committed 82304K, reserved 1179648K
  class space    used 8672K, committed 9280K, reserved 1048576K
GC Heap History (20 events):
Event: 54.809 GC heap before
{Heap before GC invocations=84 (full 5):
 PSYoungGen      total 30208K, used 29833K [0x00000000eab00000, 0x00000000ece00000, 0x0000000100000000)
  eden space 24576K, 100% used [0x00000000eab00000,0x00000000ec300000,0x00000000ec300000)
  from space 5632K, 93% used [0x00000000ec300000,0x00000000ec8226a8,0x00000000ec880000)
  to   space 5632K, 0% used [0x00000000ec880000,0x00000000ec880000,0x00000000ece00000)
 ParOldGen       total 134144K, used 115817K [0x00000000c0000000, 0x00000000c8300000, 0x00000000eab00000)
  object space 134144K, 86% used [0x00000000c0000000,0x00000000c711a7f8,0x00000000c8300000)
 Metaspace       used 79419K, committed 80768K, reserved 1179648K
  class space    used 8561K, committed 9152K, reserved 1048576K
}
Event: 54.813 GC heap after
{Heap after GC invocations=84 (full 5):
 PSYoungGen      total 30208K, used 5061K [0x00000000eab00000, 0x00000000ece00000, 0x0000000100000000)
  eden space 24576K, 0% used [0x00000000eab00000,0x00000000eab00000,0x00000000ec300000)
  from space 5632K, 89% used [0x00000000ec880000,0x00000000ecd717c8,0x00000000ece00000)
  to   space 5632K, 0% used [0x00000000ec300000,0x00000000ec300000,0x00000000ec880000)
 ParOldGen       total 134144K, used 115825K [0x00000000c0000000, 0x00000000c8300000, 0x00000000eab00000)
  object space 134144K, 86% used [0x00000000c0000000,0x00000000c711c7f8,0x00000000c8300000)
 Metaspace       used 79419K, committed 80768K, reserved 1179648K
  class space    used 8561K, committed 9152K, reserved 1048576K
}
Event: 54.968 GC heap before
{Heap before GC invocations=85 (full 5):
 PSYoungGen      total 30208K, used 29637K [0x00000000eab00000, 0x00000000ece00000, 0x0000000100000000)
  eden space 24576K, 100% used [0x00000000eab00000,0x00000000ec300000,0x00000000ec300000)
  from space 5632K, 89% used [0x00000000ec880000,0x00000000ecd717c8,0x00000000ece00000)
  to   space 5632K, 0% used [0x00000000ec300000,0x00000000ec300000,0x00000000ec880000)
 ParOldGen       total 134144K, used 115825K [0x00000000c0000000, 0x00000000c8300000, 0x00000000eab00000)
  object space 134144K, 86% used [0x00000000c0000000,0x00000000c711c7f8,0x00000000c8300000)
 Metaspace       used 79475K, committed 80832K, reserved 1179648K
  class space    used 8562K, committed 9152K, reserved 1048576K
}
Event: 54.971 GC heap after
{Heap after GC invocations=85 (full 5):
 PSYoungGen      total 30208K, used 5320K [0x00000000eab00000, 0x00000000ece00000, 0x0000000100000000)
  eden space 24576K, 0% used [0x00000000eab00000,0x00000000eab00000,0x00000000ec300000)
  from space 5632K, 94% used [0x00000000ec300000,0x00000000ec8322f0,0x00000000ec880000)
  to   space 5632K, 0% used [0x00000000ec880000,0x00000000ec880000,0x00000000ece00000)
 ParOldGen       total 134144K, used 115833K [0x00000000c0000000, 0x00000000c8300000, 0x00000000eab00000)
  object space 134144K, 86% used [0x00000000c0000000,0x00000000c711e7f8,0x00000000c8300000)
 Metaspace       used 79475K, committed 80832K, reserved 1179648K
  class space    used 8562K, committed 9152K, reserved 1048576K
}
Event: 55.126 GC heap before
{Heap before GC invocations=86 (full 5):
 PSYoungGen      total 30208K, used 29896K [0x00000000eab00000, 0x00000000ece00000, 0x0000000100000000)
  eden space 24576K, 100% used [0x00000000eab00000,0x00000000ec300000,0x00000000ec300000)
  from space 5632K, 94% used [0x00000000ec300000,0x00000000ec8322f0,0x00000000ec880000)
  to   space 5632K, 0% used [0x00000000ec880000,0x00000000ec880000,0x00000000ece00000)
 ParOldGen       total 134144K, used 115833K [0x00000000c0000000, 0x00000000c8300000, 0x00000000eab00000)
  object space 134144K, 86% used [0x00000000c0000000,0x00000000c711e7f8,0x00000000c8300000)
 Metaspace       used 79531K, committed 80896K, reserved 1179648K
  class space    used 8565K, committed 9152K, reserved 1048576K
}
Event: 55.131 GC heap after
{Heap after GC invocations=86 (full 5):
 PSYoungGen      total 30208K, used 5459K [0x00000000eab00000, 0x00000000ece00000, 0x0000000100000000)
  eden space 24576K, 0% used [0x00000000eab00000,0x00000000eab00000,0x00000000ec300000)
  from space 5632K, 96% used [0x00000000ec880000,0x00000000ecdd4cc0,0x00000000ece00000)
  to   space 5632K, 0% used [0x00000000ec300000,0x00000000ec300000,0x00000000ec880000)
 ParOldGen       total 134144K, used 115841K [0x00000000c0000000, 0x00000000c8300000, 0x00000000eab00000)
  object space 134144K, 86% used [0x00000000c0000000,0x00000000c71207f8,0x00000000c8300000)
 Metaspace       used 79531K, committed 80896K, reserved 1179648K
  class space    used 8565K, committed 9152K, reserved 1048576K
}
Event: 1786.525 GC heap before
{Heap before GC invocations=87 (full 5):
 PSYoungGen      total 30208K, used 30035K [0x00000000eab00000, 0x00000000ece00000, 0x0000000100000000)
  eden space 24576K, 100% used [0x00000000eab00000,0x00000000ec300000,0x00000000ec300000)
  from space 5632K, 96% used [0x00000000ec880000,0x00000000ecdd4cc0,0x00000000ece00000)
  to   space 5632K, 0% used [0x00000000ec300000,0x00000000ec300000,0x00000000ec880000)
 ParOldGen       total 134144K, used 115841K [0x00000000c0000000, 0x00000000c8300000, 0x00000000eab00000)
  object space 134144K, 86% used [0x00000000c0000000,0x00000000c71207f8,0x00000000c8300000)
 Metaspace       used 79736K, committed 81088K, reserved 1179648K
  class space    used 8576K, committed 9152K, reserved 1048576K
}
Event: 1786.528 GC heap after
{Heap after GC invocations=87 (full 5):
 PSYoungGen      total 30208K, used 5628K [0x00000000eab00000, 0x00000000ed100000, 0x0000000100000000)
  eden space 24576K, 0% used [0x00000000eab00000,0x00000000eab00000,0x00000000ec300000)
  from space 5632K, 99% used [0x00000000ec300000,0x00000000ec87f3b0,0x00000000ec880000)
  to   space 7168K, 0% used [0x00000000eca00000,0x00000000eca00000,0x00000000ed100000)
 ParOldGen       total 134144K, used 116803K [0x00000000c0000000, 0x00000000c8300000, 0x00000000eab00000)
  object space 134144K, 87% used [0x00000000c0000000,0x00000000c7210d58,0x00000000c8300000)
 Metaspace       used 79736K, committed 81088K, reserved 1179648K
  class space    used 8576K, committed 9152K, reserved 1048576K
}
Event: 1787.942 GC heap before
{Heap before GC invocations=88 (full 5):
 PSYoungGen      total 30208K, used 30204K [0x00000000eab00000, 0x00000000ed100000, 0x0000000100000000)
  eden space 24576K, 100% used [0x00000000eab00000,0x00000000ec300000,0x00000000ec300000)
  from space 5632K, 99% used [0x00000000ec300000,0x00000000ec87f3b0,0x00000000ec880000)
  to   space 7168K, 0% used [0x00000000eca00000,0x00000000eca00000,0x00000000ed100000)
 ParOldGen       total 134144K, used 116803K [0x00000000c0000000, 0x00000000c8300000, 0x00000000eab00000)
  object space 134144K, 87% used [0x00000000c0000000,0x00000000c7210d58,0x00000000c8300000)
 Metaspace       used 80536K, committed 81920K, reserved 1179648K
  class space    used 8660K, committed 9216K, reserved 1048576K
}
Event: 1787.953 GC heap after
{Heap after GC invocations=88 (full 5):
 PSYoungGen      total 26112K, used 7138K [0x00000000eab00000, 0x00000000edc00000, 0x0000000100000000)
  eden space 18944K, 0% used [0x00000000eab00000,0x00000000eab00000,0x00000000ebd80000)
  from space 7168K, 99% used [0x00000000eca00000,0x00000000ed0f8bb0,0x00000000ed100000)
  to   space 12800K, 0% used [0x00000000ebd80000,0x00000000ebd80000,0x00000000eca00000)
 ParOldGen       total 134144K, used 121462K [0x00000000c0000000, 0x00000000c8300000, 0x00000000eab00000)
  object space 134144K, 90% used [0x00000000c0000000,0x00000000c769dbe8,0x00000000c8300000)
 Metaspace       used 80536K, committed 81920K, reserved 1179648K
  class space    used 8660K, committed 9216K, reserved 1048576K
}
Event: 1788.632 GC heap before
{Heap before GC invocations=89 (full 5):
 PSYoungGen      total 26112K, used 26082K [0x00000000eab00000, 0x00000000edc00000, 0x0000000100000000)
  eden space 18944K, 99% used [0x00000000eab00000,0x00000000ebd7fff8,0x00000000ebd80000)
  from space 7168K, 99% used [0x00000000eca00000,0x00000000ed0f8bb0,0x00000000ed100000)
  to   space 12800K, 0% used [0x00000000ebd80000,0x00000000ebd80000,0x00000000eca00000)
 ParOldGen       total 134144K, used 121462K [0x00000000c0000000, 0x00000000c8300000, 0x00000000eab00000)
  object space 134144K, 90% used [0x00000000c0000000,0x00000000c769dbe8,0x00000000c8300000)
 Metaspace       used 80640K, committed 81984K, reserved 1179648K
  class space    used 8662K, committed 9216K, reserved 1048576K
}
Event: 1788.639 GC heap after
{Heap after GC invocations=89 (full 5):
 PSYoungGen      total 26624K, used 7622K [0x00000000eab00000, 0x00000000ecf80000, 0x0000000100000000)
  eden space 18944K, 0% used [0x00000000eab00000,0x00000000eab00000,0x00000000ebd80000)
  from space 7680K, 99% used [0x00000000ebd80000,0x00000000ec4f1970,0x00000000ec500000)
  to   space 9216K, 0% used [0x00000000ec680000,0x00000000ec680000,0x00000000ecf80000)
 ParOldGen       total 134144K, used 121967K [0x00000000c0000000, 0x00000000c8300000, 0x00000000eab00000)
  object space 134144K, 90% used [0x00000000c0000000,0x00000000c771bf10,0x00000000c8300000)
 Metaspace       used 80640K, committed 81984K, reserved 1179648K
  class space    used 8662K, committed 9216K, reserved 1048576K
}
Event: 1789.827 GC heap before
{Heap before GC invocations=90 (full 5):
 PSYoungGen      total 26624K, used 26566K [0x00000000eab00000, 0x00000000ecf80000, 0x0000000100000000)
  eden space 18944K, 100% used [0x00000000eab00000,0x00000000ebd80000,0x00000000ebd80000)
  from space 7680K, 99% used [0x00000000ebd80000,0x00000000ec4f1970,0x00000000ec500000)
  to   space 9216K, 0% used [0x00000000ec680000,0x00000000ec680000,0x00000000ecf80000)
 ParOldGen       total 134144K, used 121967K [0x00000000c0000000, 0x00000000c8300000, 0x00000000eab00000)
  object space 134144K, 90% used [0x00000000c0000000,0x00000000c771bf10,0x00000000c8300000)
 Metaspace       used 80701K, committed 82048K, reserved 1179648K
  class space    used 8662K, committed 9216K, reserved 1048576K
}
Event: 1789.832 GC heap after
{Heap after GC invocations=90 (full 5):
 PSYoungGen      total 27648K, used 8966K [0x00000000eab00000, 0x00000000ed080000, 0x0000000100000000)
  eden space 18432K, 0% used [0x00000000eab00000,0x00000000eab00000,0x00000000ebd00000)
  from space 9216K, 97% used [0x00000000ec680000,0x00000000ecf41950,0x00000000ecf80000)
  to   space 9728K, 0% used [0x00000000ebd00000,0x00000000ebd00000,0x00000000ec680000)
 ParOldGen       total 134144K, used 121975K [0x00000000c0000000, 0x00000000c8300000, 0x00000000eab00000)
  object space 134144K, 90% used [0x00000000c0000000,0x00000000c771df10,0x00000000c8300000)
 Metaspace       used 80701K, committed 82048K, reserved 1179648K
  class space    used 8662K, committed 9216K, reserved 1048576K
}
Event: 1791.443 GC heap before
{Heap before GC invocations=91 (full 5):
 PSYoungGen      total 27648K, used 27398K [0x00000000eab00000, 0x00000000ed080000, 0x0000000100000000)
  eden space 18432K, 100% used [0x00000000eab00000,0x00000000ebd00000,0x00000000ebd00000)
  from space 9216K, 97% used [0x00000000ec680000,0x00000000ecf41950,0x00000000ecf80000)
  to   space 9728K, 0% used [0x00000000ebd00000,0x00000000ebd00000,0x00000000ec680000)
 ParOldGen       total 134144K, used 121975K [0x00000000c0000000, 0x00000000c8300000, 0x00000000eab00000)
  object space 134144K, 90% used [0x00000000c0000000,0x00000000c771df10,0x00000000c8300000)
 Metaspace       used 80800K, committed 82240K, reserved 1179648K
  class space    used 8671K, committed 9280K, reserved 1048576K
}
Event: 1791.450 GC heap after
{Heap after GC invocations=91 (full 5):
 PSYoungGen      total 28160K, used 9306K [0x00000000eab00000, 0x00000000ed000000, 0x0000000100000000)
  eden space 18432K, 0% used [0x00000000eab00000,0x00000000eab00000,0x00000000ebd00000)
  from space 9728K, 95% used [0x00000000ebd00000,0x00000000ec616bf0,0x00000000ec680000)
  to   space 9728K, 0% used [0x00000000ec680000,0x00000000ec680000,0x00000000ed000000)
 ParOldGen       total 134144K, used 121975K [0x00000000c0000000, 0x00000000c8300000, 0x00000000eab00000)
  object space 134144K, 90% used [0x00000000c0000000,0x00000000c771df10,0x00000000c8300000)
 Metaspace       used 80800K, committed 82240K, reserved 1179648K
  class space    used 8671K, committed 9280K, reserved 1048576K
}
Event: 1793.739 GC heap before
{Heap before GC invocations=92 (full 5):
 PSYoungGen      total 28160K, used 27738K [0x00000000eab00000, 0x00000000ed000000, 0x0000000100000000)
  eden space 18432K, 100% used [0x00000000eab00000,0x00000000ebd00000,0x00000000ebd00000)
  from space 9728K, 95% used [0x00000000ebd00000,0x00000000ec616bf0,0x00000000ec680000)
  to   space 9728K, 0% used [0x00000000ec680000,0x00000000ec680000,0x00000000ed000000)
 ParOldGen       total 134144K, used 121975K [0x00000000c0000000, 0x00000000c8300000, 0x00000000eab00000)
  object space 134144K, 90% used [0x00000000c0000000,0x00000000c771df10,0x00000000c8300000)
 Metaspace       used 80884K, committed 82304K, reserved 1179648K
  class space    used 8671K, committed 9280K, reserved 1048576K
}
Event: 1793.743 GC heap after
{Heap after GC invocations=92 (full 5):
 PSYoungGen      total 28160K, used 9503K [0x00000000eab00000, 0x00000000ed000000, 0x0000000100000000)
  eden space 18432K, 0% used [0x00000000eab00000,0x00000000eab00000,0x00000000ebd00000)
  from space 9728K, 97% used [0x00000000ec680000,0x00000000ecfc7e60,0x00000000ed000000)
  to   space 9728K, 0% used [0x00000000ebd00000,0x00000000ebd00000,0x00000000ec680000)
 ParOldGen       total 134144K, used 121975K [0x00000000c0000000, 0x00000000c8300000, 0x00000000eab00000)
  object space 134144K, 90% used [0x00000000c0000000,0x00000000c771df10,0x00000000c8300000)
 Metaspace       used 80884K, committed 82304K, reserved 1179648K
  class space    used 8671K, committed 9280K, reserved 1048576K
}
Event: 1821.272 GC heap before
{Heap before GC invocations=93 (full 5):
 PSYoungGen      total 28160K, used 27935K [0x00000000eab00000, 0x00000000ed000000, 0x0000000100000000)
  eden space 18432K, 100% used [0x00000000eab00000,0x00000000ebd00000,0x00000000ebd00000)
  from space 9728K, 97% used [0x00000000ec680000,0x00000000ecfc7e60,0x00000000ed000000)
  to   space 9728K, 0% used [0x00000000ebd00000,0x00000000ebd00000,0x00000000ec680000)
 ParOldGen       total 134144K, used 121975K [0x00000000c0000000, 0x00000000c8300000, 0x00000000eab00000)
  object space 134144K, 90% used [0x00000000c0000000,0x00000000c771df10,0x00000000c8300000)
 Metaspace       used 80939K, committed 82304K, reserved 1179648K
  class space    used 8672K, committed 9280K, reserved 1048576K
}
Event: 1821.276 GC heap after
{Heap after GC invocations=93 (full 5):
 PSYoungGen      total 28160K, used 9083K [0x00000000eab00000, 0x00000000ed000000, 0x0000000100000000)
  eden space 18432K, 0% used [0x00000000eab00000,0x00000000eab00000,0x00000000ebd00000)
  from space 9728K, 93% used [0x00000000ebd00000,0x00000000ec5dec30,0x00000000ec680000)
  to   space 9728K, 0% used [0x00000000ec680000,0x00000000ec680000,0x00000000ed000000)
 ParOldGen       total 134144K, used 121975K [0x00000000c0000000, 0x00000000c8300000, 0x00000000eab00000)
  object space 134144K, 90% used [0x00000000c0000000,0x00000000c771df10,0x00000000c8300000)
 Metaspace       used 80939K, committed 82304K, reserved 1179648K
  class space    used 8672K, committed 9280K, reserved 1048576K
}

