# JRE version: OpenJDK Runtime Environment Temurin-17.0.11+9 (17.0.11+9) (build 17.0.11+9)
# Java VM: OpenJDK 64-Bit Server VM Temurin-17.0.11+9 (17.0.11+9, mixed mode, emulated-client, tiered, compressed oops, compressed class ptrs, g1 gc, windows-amd64)
GC Precious Log:
 CPUs: 8 total, 8 available
 Memory: 12091M
 Large Page Support: Disabled
 NUMA Support: Disabled
 Compressed Oops: Enabled (32-bit)
 Heap Region Size: 1M
 Heap Min Capacity: 8M
 Heap Initial Capacity: 190M
 Heap Max Capacity: 1G
 Pre-touch: Disabled
 Parallel Workers: 8
 Concurrent Workers: 2
 Concurrent Refinement Workers: 8
 Periodic GC: Disabled
Heap:
 garbage-first heap   total 94208K, used 47936K [0x00000000c0000000, 0x0000000100000000)
  region size 1024K, 6 young (6144K), 4 survivors (4096K)
 Metaspace       used 56797K, committed 57216K, reserved 1114112K
  class space    used 7047K, committed 7232K, reserved 1048576K
GC Heap History (20 events):
Event: 28.744 GC heap before
{Heap before GC invocations=4 (full 0):
 garbage-first heap   total 78848K, used 60457K [0x00000000c0000000, 0x0000000100000000)
  region size 1024K, 45 young (46080K), 5 survivors (5120K)
 Metaspace       used 28108K, committed 28352K, reserved 1114112K
  class space    used 3500K, committed 3584K, reserved 1048576K
}
Event: 28.757 GC heap after
{Heap after GC invocations=5 (full 0):
 garbage-first heap   total 78848K, used 24209K [0x00000000c0000000, 0x0000000100000000)
  region size 1024K, 4 young (4096K), 4 survivors (4096K)
 Metaspace       used 28108K, committed 28352K, reserved 1114112K
  class space    used 3500K, committed 3584K, reserved 1048576K
}
Event: 32.809 GC heap before
{Heap before GC invocations=5 (full 0):
 garbage-first heap   total 78848K, used 50833K [0x00000000c0000000, 0x0000000100000000)
  region size 1024K, 31 young (31744K), 4 survivors (4096K)
 Metaspace       used 32321K, committed 32704K, reserved 1114112K
  class space    used 4104K, committed 4288K, reserved 1048576K
}
Event: 32.821 GC heap after
{Heap after GC invocations=6 (full 0):
 garbage-first heap   total 78848K, used 26775K [0x00000000c0000000, 0x0000000100000000)
  region size 1024K, 3 young (3072K), 3 survivors (3072K)
 Metaspace       used 32321K, committed 32704K, reserved 1114112K
  class space    used 4104K, committed 4288K, reserved 1048576K
}
Event: 36.686 GC heap before
{Heap before GC invocations=6 (full 0):
 garbage-first heap   total 78848K, used 48279K [0x00000000c0000000, 0x0000000100000000)
  region size 1024K, 25 young (25600K), 3 survivors (3072K)
 Metaspace       used 35548K, committed 35968K, reserved 1114112K
  class space    used 4574K, committed 4736K, reserved 1048576K
}
Event: 36.701 GC heap after
{Heap after GC invocations=7 (full 0):
 garbage-first heap   total 78848K, used 28671K [0x00000000c0000000, 0x0000000100000000)
  region size 1024K, 3 young (3072K), 3 survivors (3072K)
 Metaspace       used 35548K, committed 35968K, reserved 1114112K
  class space    used 4574K, committed 4736K, reserved 1048576K
}
Event: 62.524 GC heap before
{Heap before GC invocations=8 (full 0):
 garbage-first heap   total 78848K, used 56319K [0x00000000c0000000, 0x0000000100000000)
  region size 1024K, 30 young (30720K), 3 survivors (3072K)
 Metaspace       used 39701K, committed 40192K, reserved 1114112K
  class space    used 5277K, committed 5504K, reserved 1048576K
}
Event: 62.532 GC heap after
{Heap after GC invocations=9 (full 0):
 garbage-first heap   total 78848K, used 31021K [0x00000000c0000000, 0x0000000100000000)
  region size 1024K, 3 young (3072K), 3 survivors (3072K)
 Metaspace       used 39701K, committed 40192K, reserved 1114112K
  class space    used 5277K, committed 5504K, reserved 1048576K
}
Event: 63.173 GC heap before
{Heap before GC invocations=9 (full 0):
 garbage-first heap   total 78848K, used 56621K [0x00000000c0000000, 0x0000000100000000)
  region size 1024K, 29 young (29696K), 3 survivors (3072K)
 Metaspace       used 43336K, committed 43776K, reserved 1114112K
  class space    used 5608K, committed 5824K, reserved 1048576K
}
Event: 63.180 GC heap after
{Heap after GC invocations=10 (full 0):
 garbage-first heap   total 78848K, used 33632K [0x00000000c0000000, 0x0000000100000000)
  region size 1024K, 3 young (3072K), 3 survivors (3072K)
 Metaspace       used 43336K, committed 43776K, reserved 1114112K
  class space    used 5608K, committed 5824K, reserved 1048576K
}
Event: 63.446 GC heap before
{Heap before GC invocations=10 (full 0):
 garbage-first heap   total 78848K, used 60256K [0x00000000c0000000, 0x0000000100000000)
  region size 1024K, 28 young (28672K), 3 survivors (3072K)
 Metaspace       used 47773K, committed 48256K, reserved 1114112K
  class space    used 5931K, committed 6144K, reserved 1048576K
}
Event: 63.452 GC heap after
{Heap after GC invocations=11 (full 0):
 garbage-first heap   total 78848K, used 40807K [0x00000000c0000000, 0x0000000100000000)
  region size 1024K, 4 young (4096K), 4 survivors (4096K)
 Metaspace       used 47773K, committed 48256K, reserved 1114112K
  class space    used 5931K, committed 6144K, reserved 1048576K
}
Event: 63.781 GC heap before
{Heap before GC invocations=11 (full 0):
 garbage-first heap   total 78848K, used 58215K [0x00000000c0000000, 0x0000000100000000)
  region size 1024K, 22 young (22528K), 4 survivors (4096K)
 Metaspace       used 50920K, committed 51456K, reserved 1114112K
  class space    used 6331K, committed 6592K, reserved 1048576K
}
Event: 63.785 GC heap after
{Heap after GC invocations=12 (full 0):
 garbage-first heap   total 78848K, used 42843K [0x00000000c0000000, 0x0000000100000000)
  region size 1024K, 2 young (2048K), 2 survivors (2048K)
 Metaspace       used 50920K, committed 51456K, reserved 1114112K
  class space    used 6331K, committed 6592K, reserved 1048576K
}
Event: 63.867 GC heap before
{Heap before GC invocations=13 (full 0):
 garbage-first heap   total 94208K, used 61275K [0x00000000c0000000, 0x0000000100000000)
  region size 1024K, 20 young (20480K), 2 survivors (2048K)
 Metaspace       used 50913K, committed 51456K, reserved 1114112K
  class space    used 6324K, committed 6592K, reserved 1048576K
}
Event: 63.870 GC heap after
{Heap after GC invocations=14 (full 0):
 garbage-first heap   total 94208K, used 43539K [0x00000000c0000000, 0x0000000100000000)
  region size 1024K, 3 young (3072K), 3 survivors (3072K)
 Metaspace       used 50913K, committed 51456K, reserved 1114112K
  class space    used 6324K, committed 6592K, reserved 1048576K
}
Event: 63.892 GC heap before
{Heap before GC invocations=14 (full 0):
 garbage-first heap   total 94208K, used 44563K [0x00000000c0000000, 0x0000000100000000)
  region size 1024K, 4 young (4096K), 3 survivors (3072K)
 Metaspace       used 51043K, committed 51584K, reserved 1114112K
  class space    used 6347K, committed 6592K, reserved 1048576K
}
Event: 63.895 GC heap after
{Heap after GC invocations=15 (full 0):
 garbage-first heap   total 94208K, used 43974K [0x00000000c0000000, 0x0000000100000000)
  region size 1024K, 1 young (1024K), 1 survivors (1024K)
 Metaspace       used 51043K, committed 51584K, reserved 1114112K
  class space    used 6347K, committed 6592K, reserved 1048576K
}
Event: 64.512 GC heap before
{Heap before GC invocations=15 (full 0):
 garbage-first heap   total 94208K, used 71622K [0x00000000c0000000, 0x0000000100000000)
  region size 1024K, 28 young (28672K), 1 survivors (1024K)
 Metaspace       used 56080K, committed 56512K, reserved 1114112K
  class space    used 6959K, committed 7104K, reserved 1048576K
}
Event: 64.515 GC heap after
{Heap after GC invocations=16 (full 0):
 garbage-first heap   total 94208K, used 46912K [0x00000000c0000000, 0x0000000100000000)
  region size 1024K, 4 young (4096K), 4 survivors (4096K)
 Metaspace       used 56080K, committed 56512K, reserved 1114112K
  class space    used 6959K, committed 7104K, reserved 1048576K
}

