# JRE version: Java(TM) SE Runtime Environment (18.0.1.1+2) (build 18.0.1.1+2-6)
# Java VM: Java HotSpot(TM) 64-Bit Server VM (18.0.1.1+2-6, mixed mode, sharing, tiered, compressed oops, compressed class ptrs, g1 gc, windows-amd64)
GC Precious Log:
 CardTable entry size: 512
 Card Set container configuration: InlinePtr #cards 4 size 8 Array Of Cards #cards 16 size 48 Howl #buckets 8 coarsen threshold 3686 Howl Bitmap #cards 512 size 80 coarsen threshold 460 Card regions per heap region 1 cards per card region 4096
 CPUs: 8 total, 8 available
 Memory: 12091M
 Large Page Support: Disabled
 NUMA Support: Disabled
 Compressed Oops: Enabled (Zero based)
 Heap Region Size: 2M
 Heap Min Capacity: 8M
 Heap Initial Capacity: 190M
 Heap Max Capacity: 3024M
 Pre-touch: Disabled
 Parallel Workers: 8
 Concurrent Workers: 2
 Concurrent Refinement Workers: 8
 Periodic GC: Disabled
Heap:
 garbage-first heap   total 61440K, used 29608K [0x0000000743000000, 0x0000000800000000)
  region size 2048K, 8 young (16384K), 2 survivors (4096K)
 Metaspace       used 38900K, committed 39360K, reserved 1114112K
  class space    used 5013K, committed 5248K, reserved 1048576K
GC Heap History (14 events):
Event: 1.033 GC heap before
{Heap before GC invocations=0 (full 0):
 garbage-first heap   total 194560K, used 22528K [0x0000000743000000, 0x0000000800000000)
  region size 2048K, 11 young (22528K), 0 survivors (0K)
 Metaspace       used 6088K, committed 6336K, reserved 1114112K
  class space    used 697K, committed 832K, reserved 1048576K
}
Event: 1.039 GC heap after
{Heap after GC invocations=1 (full 0):
 garbage-first heap   total 194560K, used 6549K [0x0000000743000000, 0x0000000800000000)
  region size 2048K, 2 young (4096K), 2 survivors (4096K)
 Metaspace       used 6088K, committed 6336K, reserved 1114112K
  class space    used 697K, committed 832K, reserved 1048576K
}
Event: 1.502 GC heap before
{Heap before GC invocations=1 (full 0):
 garbage-first heap   total 194560K, used 31125K [0x0000000743000000, 0x0000000800000000)
  region size 2048K, 15 young (30720K), 2 survivors (4096K)
 Metaspace       used 13037K, committed 13312K, reserved 1114112K
  class space    used 1539K, committed 1664K, reserved 1048576K
}
Event: 1.508 GC heap after
{Heap after GC invocations=2 (full 0):
 garbage-first heap   total 194560K, used 9386K [0x0000000743000000, 0x0000000800000000)
  region size 2048K, 2 young (4096K), 2 survivors (4096K)
 Metaspace       used 13037K, committed 13312K, reserved 1114112K
  class space    used 1539K, committed 1664K, reserved 1048576K
}
Event: 3.412 GC heap before
{Heap before GC invocations=2 (full 0):
 garbage-first heap   total 194560K, used 60586K [0x0000000743000000, 0x0000000800000000)
  region size 2048K, 29 young (59392K), 2 survivors (4096K)
 Metaspace       used 21293K, committed 21504K, reserved 1114112K
  class space    used 2565K, committed 2688K, reserved 1048576K
}
Event: 3.430 GC heap after
{Heap after GC invocations=3 (full 0):
 garbage-first heap   total 194560K, used 13832K [0x0000000743000000, 0x0000000800000000)
  region size 2048K, 4 young (8192K), 4 survivors (8192K)
 Metaspace       used 21293K, committed 21504K, reserved 1114112K
  class space    used 2565K, committed 2688K, reserved 1048576K
}
Event: 6.133 GC heap before
{Heap before GC invocations=4 (full 0):
 garbage-first heap   total 61440K, used 42504K [0x0000000743000000, 0x0000000800000000)
  region size 2048K, 18 young (36864K), 4 survivors (8192K)
 Metaspace       used 26571K, committed 27008K, reserved 1114112K
  class space    used 3310K, committed 3520K, reserved 1048576K
}
Event: 6.164 GC heap after
{Heap after GC invocations=5 (full 0):
 garbage-first heap   total 61440K, used 16824K [0x0000000743000000, 0x0000000800000000)
  region size 2048K, 2 young (4096K), 2 survivors (4096K)
 Metaspace       used 26571K, committed 27008K, reserved 1114112K
  class space    used 3310K, committed 3520K, reserved 1048576K
}
Event: 6.291 GC heap before
{Heap before GC invocations=5 (full 0):
 garbage-first heap   total 61440K, used 18872K [0x0000000743000000, 0x0000000800000000)
  region size 2048K, 3 young (6144K), 2 survivors (4096K)
 Metaspace       used 27222K, committed 27648K, reserved 1114112K
  class space    used 3374K, committed 3584K, reserved 1048576K
}
Event: 6.310 GC heap after
{Heap after GC invocations=6 (full 0):
 garbage-first heap   total 61440K, used 17602K [0x0000000743000000, 0x0000000800000000)
  region size 2048K, 1 young (2048K), 1 survivors (2048K)
 Metaspace       used 27222K, committed 27648K, reserved 1114112K
  class space    used 3374K, committed 3584K, reserved 1048576K
}
Event: 7.817 GC heap before
{Heap before GC invocations=6 (full 0):
 garbage-first heap   total 61440K, used 38082K [0x0000000743000000, 0x0000000800000000)
  region size 2048K, 12 young (24576K), 1 survivors (2048K)
 Metaspace       used 31803K, committed 32320K, reserved 1114112K
  class space    used 3990K, committed 4224K, reserved 1048576K
}
Event: 7.822 GC heap after
{Heap after GC invocations=7 (full 0):
 garbage-first heap   total 61440K, used 18691K [0x0000000743000000, 0x0000000800000000)
  region size 2048K, 1 young (2048K), 1 survivors (2048K)
 Metaspace       used 31803K, committed 32320K, reserved 1114112K
  class space    used 3990K, committed 4224K, reserved 1048576K
}
Event: 8.263 GC heap before
{Heap before GC invocations=7 (full 0):
 garbage-first heap   total 61440K, used 30979K [0x0000000743000000, 0x0000000800000000)
  region size 2048K, 8 young (16384K), 1 survivors (2048K)
 Metaspace       used 35540K, committed 35968K, reserved 1114112K
  class space    used 4580K, committed 4800K, reserved 1048576K
}
Event: 8.268 GC heap after
{Heap after GC invocations=8 (full 0):
 garbage-first heap   total 61440K, used 19368K [0x0000000743000000, 0x0000000800000000)
  region size 2048K, 2 young (4096K), 2 survivors (4096K)
 Metaspace       used 35540K, committed 35968K, reserved 1114112K
  class space    used 4580K, committed 4800K, reserved 1048576K
}

