# JRE version: OpenJDK Runtime Environment Temurin-17.0.11+9 (17.0.11+9) (build 17.0.11+9)
# Java VM: OpenJDK 64-Bit Server VM Temurin-17.0.11+9 (17.0.11+9, mixed mode, tiered, compressed oops, compressed class ptrs, g1 gc, windows-amd64)
GC Precious Log:
 CPUs: 8 total, 8 available
 Memory: 12091M
 Large Page Support: Disabled
 NUMA Support: Disabled
 Compressed Oops: Enabled (Zero based)
 Heap Region Size: 2M
 Heap Min Capacity: 8M
 Heap Initial Capacity: 190M
 Heap Max Capacity: 3024M
 Pre-touch: Disabled
 Parallel Workers: 8
 Concurrent Workers: 2
 Concurrent Refinement Workers: 8
 Periodic GC: Disabled
Heap:
 garbage-first heap   total 67584K, used 27318K [0x0000000743000000, 0x0000000800000000)
  region size 2048K, 2 young (4096K), 2 survivors (4096K)
 Metaspace       used 69782K, committed 70336K, reserved 1114112K
  class space    used 9509K, committed 9792K, reserved 1048576K
GC Heap History (20 events):
Event: 2.238 GC heap after
{Heap after GC invocations=6 (full 0):
 garbage-first heap   total 49152K, used 12486K [0x0000000743000000, 0x0000000800000000)
  region size 2048K, 1 young (2048K), 1 survivors (2048K)
 Metaspace       used 25438K, committed 25600K, reserved 1114112K
  class space    used 2990K, committed 3072K, reserved 1048576K
}
Event: 2.924 GC heap before
{Heap before GC invocations=6 (full 0):
 garbage-first heap   total 49152K, used 30918K [0x0000000743000000, 0x0000000800000000)
  region size 2048K, 10 young (20480K), 1 survivors (2048K)
 Metaspace       used 28076K, committed 28288K, reserved 1114112K
  class space    used 3333K, committed 3456K, reserved 1048576K
}
Event: 2.929 GC heap after
{Heap after GC invocations=7 (full 0):
 garbage-first heap   total 67584K, used 13452K [0x0000000743000000, 0x0000000800000000)
  region size 2048K, 1 young (2048K), 1 survivors (2048K)
 Metaspace       used 28076K, committed 28288K, reserved 1114112K
  class space    used 3333K, committed 3456K, reserved 1048576K
}
Event: 3.790 GC heap before
{Heap before GC invocations=7 (full 0):
 garbage-first heap   total 67584K, used 46220K [0x0000000743000000, 0x0000000800000000)
  region size 2048K, 17 young (34816K), 1 survivors (2048K)
 Metaspace       used 34683K, committed 35072K, reserved 1114112K
  class space    used 4262K, committed 4416K, reserved 1048576K
}
Event: 3.803 GC heap after
{Heap after GC invocations=8 (full 0):
 garbage-first heap   total 67584K, used 16792K [0x0000000743000000, 0x0000000800000000)
  region size 2048K, 3 young (6144K), 3 survivors (6144K)
 Metaspace       used 34683K, committed 35072K, reserved 1114112K
  class space    used 4262K, committed 4416K, reserved 1048576K
}
Event: 3.997 GC heap before
{Heap before GC invocations=8 (full 0):
 garbage-first heap   total 67584K, used 20888K [0x0000000743000000, 0x0000000800000000)
  region size 2048K, 6 young (12288K), 3 survivors (6144K)
 Metaspace       used 35713K, committed 36096K, reserved 1114112K
  class space    used 4396K, committed 4608K, reserved 1048576K
}
Event: 4.007 GC heap after
{Heap after GC invocations=9 (full 0):
 garbage-first heap   total 67584K, used 17358K [0x0000000743000000, 0x0000000800000000)
  region size 2048K, 1 young (2048K), 1 survivors (2048K)
 Metaspace       used 35713K, committed 36096K, reserved 1114112K
  class space    used 4396K, committed 4608K, reserved 1048576K
}
Event: 5.147 GC heap before
{Heap before GC invocations=10 (full 0):
 garbage-first heap   total 67584K, used 46030K [0x0000000743000000, 0x0000000800000000)
  region size 2048K, 15 young (30720K), 1 survivors (2048K)
 Metaspace       used 42386K, committed 42880K, reserved 1114112K
  class space    used 5287K, committed 5504K, reserved 1048576K
}
Event: 5.158 GC heap after
{Heap after GC invocations=11 (full 0):
 garbage-first heap   total 67584K, used 18902K [0x0000000743000000, 0x0000000800000000)
  region size 2048K, 2 young (4096K), 2 survivors (4096K)
 Metaspace       used 42386K, committed 42880K, reserved 1114112K
  class space    used 5287K, committed 5504K, reserved 1048576K
}
Event: 5.252 GC heap before
{Heap before GC invocations=11 (full 0):
 garbage-first heap   total 67584K, used 20950K [0x0000000743000000, 0x0000000800000000)
  region size 2048K, 3 young (6144K), 2 survivors (4096K)
 Metaspace       used 42820K, committed 43264K, reserved 1114112K
  class space    used 5351K, committed 5568K, reserved 1048576K
}
Event: 5.273 GC heap after
{Heap after GC invocations=12 (full 0):
 garbage-first heap   total 67584K, used 18677K [0x0000000743000000, 0x0000000800000000)
  region size 2048K, 1 young (2048K), 1 survivors (2048K)
 Metaspace       used 42820K, committed 43264K, reserved 1114112K
  class space    used 5351K, committed 5568K, reserved 1048576K
}
Event: 6.310 GC heap before
{Heap before GC invocations=12 (full 0):
 garbage-first heap   total 67584K, used 47349K [0x0000000743000000, 0x0000000800000000)
  region size 2048K, 15 young (30720K), 1 survivors (2048K)
 Metaspace       used 49340K, committed 49792K, reserved 1114112K
  class space    used 6308K, committed 6528K, reserved 1048576K
}
Event: 6.314 GC heap after
{Heap after GC invocations=13 (full 0):
 garbage-first heap   total 67584K, used 20036K [0x0000000743000000, 0x0000000800000000)
  region size 2048K, 1 young (2048K), 1 survivors (2048K)
 Metaspace       used 49340K, committed 49792K, reserved 1114112K
  class space    used 6308K, committed 6528K, reserved 1048576K
}
Event: 6.862 GC heap before
{Heap before GC invocations=13 (full 0):
 garbage-first heap   total 67584K, used 50756K [0x0000000743000000, 0x0000000800000000)
  region size 2048K, 16 young (32768K), 1 survivors (2048K)
 Metaspace       used 57429K, committed 57920K, reserved 1114112K
  class space    used 7579K, committed 7808K, reserved 1048576K
}
Event: 6.867 GC heap after
{Heap after GC invocations=14 (full 0):
 garbage-first heap   total 67584K, used 21466K [0x0000000743000000, 0x0000000800000000)
  region size 2048K, 2 young (4096K), 2 survivors (4096K)
 Metaspace       used 57429K, committed 57920K, reserved 1114112K
  class space    used 7579K, committed 7808K, reserved 1048576K
}
Event: 7.043 GC heap before
{Heap before GC invocations=14 (full 0):
 garbage-first heap   total 67584K, used 33754K [0x0000000743000000, 0x0000000800000000)
  region size 2048K, 9 young (18432K), 2 survivors (4096K)
 Metaspace       used 59818K, committed 60288K, reserved 1114112K
  class space    used 7934K, committed 8192K, reserved 1048576K
}
Event: 7.048 GC heap after
{Heap after GC invocations=15 (full 0):
 garbage-first heap   total 67584K, used 21928K [0x0000000743000000, 0x0000000800000000)
  region size 2048K, 1 young (2048K), 1 survivors (2048K)
 Metaspace       used 59818K, committed 60288K, reserved 1114112K
  class space    used 7934K, committed 8192K, reserved 1048576K
}
Event: 7.962 GC heap before
{Heap before GC invocations=16 (full 0):
 garbage-first heap   total 67584K, used 52648K [0x0000000743000000, 0x0000000800000000)
  region size 2048K, 16 young (32768K), 1 survivors (2048K)
 Metaspace       used 65849K, committed 66304K, reserved 1114112K
  class space    used 8934K, committed 9152K, reserved 1048576K
}
Event: 7.975 GC heap after
{Heap after GC invocations=17 (full 0):
 garbage-first heap   total 67584K, used 24186K [0x0000000743000000, 0x0000000800000000)
  region size 2048K, 2 young (4096K), 2 survivors (4096K)
 Metaspace       used 65849K, committed 66304K, reserved 1114112K
  class space    used 8934K, committed 9152K, reserved 1048576K
}
Event: 8.996 GC heap before
{Heap before GC invocations=17 (full 0):
 garbage-first heap   total 67584K, used 52858K [0x0000000743000000, 0x0000000800000000)
  region size 2048K, 16 young (32768K), 2 survivors (4096K)
 Metaspace       used 69782K, committed 70336K, reserved 1114112K
  class space    used 9509K, committed 9792K, reserved 1048576K
}

