# JRE version: OpenJDK Runtime Environment Temurin-17.0.11+9 (17.0.11+9) (build 17.0.11+9)
# Java VM: OpenJDK 64-Bit Server VM Temurin-17.0.11+9 (17.0.11+9, mixed mode, tiered, compressed oops, compressed class ptrs, parallel gc, windows-amd64)
GC Precious Log:
 CPUs: 8 total, 8 available
 Memory: 12091M
 Large Page Support: Disabled
 NUMA Support: Disabled
 Compressed Oops: Enabled (32-bit)
 Alignments: Space 512K, Generation 512K, Heap 2M
 Heap Min Capacity: 100M
 Heap Initial Capacity: 100M
 Heap Max Capacity: 1G
 Pre-touch: Disabled
 Parallel Workers: 8
Heap:
 PSYoungGen      total 20992K, used 20912K [0x00000000eab00000, 0x00000000ec200000, 0x0000000100000000)
  eden space 19456K, 100% used [0x00000000eab00000,0x00000000ebe00000,0x00000000ebe00000)
  from space 1536K, 94% used [0x00000000ebe80000,0x00000000ebfec010,0x00000000ec000000)
  to   space 2048K, 43% used [0x00000000ec000000,0x00000000ec0e1010,0x00000000ec200000)
 ParOldGen       total 69120K, used 68609K [0x00000000c0000000, 0x00000000c4380000, 0x00000000eab00000)
  object space 69120K, 99% used [0x00000000c0000000,0x00000000c43006f0,0x00000000c4380000)
 Metaspace       used 64204K, committed 65536K, reserved 1114112K
  class space    used 6846K, committed 7424K, reserved 1048576K
GC Heap History (20 events):
Event: 33.080 GC heap before
{Heap before GC invocations=60 (full 3):
 PSYoungGen      total 20992K, used 20800K [0x00000000eab00000, 0x00000000ec100000, 0x0000000100000000)
  eden space 19968K, 100% used [0x00000000eab00000,0x00000000ebe80000,0x00000000ebe80000)
  from space 1024K, 81% used [0x00000000ec000000,0x00000000ec0d0000,0x00000000ec100000)
  to   space 1024K, 0% used [0x00000000ebf00000,0x00000000ebf00000,0x00000000ec000000)
 ParOldGen       total 68608K, used 56844K [0x00000000c0000000, 0x00000000c4300000, 0x00000000eab00000)
  object space 68608K, 82% used [0x00000000c0000000,0x00000000c3783128,0x00000000c4300000)
 Metaspace       used 60975K, committed 62144K, reserved 1114112K
  class space    used 6525K, committed 7040K, reserved 1048576K
}
Event: 33.082 GC heap after
{Heap after GC invocations=60 (full 3):
 PSYoungGen      total 20992K, used 544K [0x00000000eab00000, 0x00000000ec080000, 0x0000000100000000)
  eden space 19968K, 0% used [0x00000000eab00000,0x00000000eab00000,0x00000000ebe80000)
  from space 1024K, 53% used [0x00000000ebf00000,0x00000000ebf88000,0x00000000ec000000)
  to   space 512K, 0% used [0x00000000ec000000,0x00000000ec000000,0x00000000ec080000)
 ParOldGen       total 68608K, used 57809K [0x00000000c0000000, 0x00000000c4300000, 0x00000000eab00000)
  object space 68608K, 84% used [0x00000000c0000000,0x00000000c3874638,0x00000000c4300000)
 Metaspace       used 60975K, committed 62144K, reserved 1114112K
  class space    used 6525K, committed 7040K, reserved 1048576K
}
Event: 33.142 GC heap before
{Heap before GC invocations=61 (full 3):
 PSYoungGen      total 20992K, used 20512K [0x00000000eab00000, 0x00000000ec080000, 0x0000000100000000)
  eden space 19968K, 100% used [0x00000000eab00000,0x00000000ebe80000,0x00000000ebe80000)
  from space 1024K, 53% used [0x00000000ebf00000,0x00000000ebf88000,0x00000000ec000000)
  to   space 512K, 0% used [0x00000000ec000000,0x00000000ec000000,0x00000000ec080000)
 ParOldGen       total 68608K, used 57809K [0x00000000c0000000, 0x00000000c4300000, 0x00000000eab00000)
  object space 68608K, 84% used [0x00000000c0000000,0x00000000c3874638,0x00000000c4300000)
 Metaspace       used 61193K, committed 62400K, reserved 1114112K
  class space    used 6557K, committed 7040K, reserved 1048576K
}
Event: 33.145 GC heap after
{Heap after GC invocations=61 (full 3):
 PSYoungGen      total 19968K, used 512K [0x00000000eab00000, 0x00000000ec280000, 0x0000000100000000)
  eden space 19456K, 0% used [0x00000000eab00000,0x00000000eab00000,0x00000000ebe00000)
  from space 512K, 100% used [0x00000000ec000000,0x00000000ec080000,0x00000000ec080000)
  to   space 2048K, 0% used [0x00000000ebe00000,0x00000000ebe00000,0x00000000ec000000)
 ParOldGen       total 68608K, used 59038K [0x00000000c0000000, 0x00000000c4300000, 0x00000000eab00000)
  object space 68608K, 86% used [0x00000000c0000000,0x00000000c39a7b48,0x00000000c4300000)
 Metaspace       used 61193K, committed 62400K, reserved 1114112K
  class space    used 6557K, committed 7040K, reserved 1048576K
}
Event: 33.211 GC heap before
{Heap before GC invocations=62 (full 3):
 PSYoungGen      total 19968K, used 19968K [0x00000000eab00000, 0x00000000ec280000, 0x0000000100000000)
  eden space 19456K, 100% used [0x00000000eab00000,0x00000000ebe00000,0x00000000ebe00000)
  from space 512K, 100% used [0x00000000ec000000,0x00000000ec080000,0x00000000ec080000)
  to   space 2048K, 0% used [0x00000000ebe00000,0x00000000ebe00000,0x00000000ec000000)
 ParOldGen       total 68608K, used 59038K [0x00000000c0000000, 0x00000000c4300000, 0x00000000eab00000)
  object space 68608K, 86% used [0x00000000c0000000,0x00000000c39a7b48,0x00000000c4300000)
 Metaspace       used 61495K, committed 62656K, reserved 1114112K
  class space    used 6587K, committed 7040K, reserved 1048576K
}
Event: 33.213 GC heap after
{Heap after GC invocations=62 (full 3):
 PSYoungGen      total 20480K, used 653K [0x00000000eab00000, 0x00000000ec100000, 0x0000000100000000)
  eden space 19456K, 0% used [0x00000000eab00000,0x00000000eab00000,0x00000000ebe00000)
  from space 1024K, 63% used [0x00000000ebe00000,0x00000000ebea35b0,0x00000000ebf00000)
  to   space 1536K, 0% used [0x00000000ebf80000,0x00000000ebf80000,0x00000000ec100000)
 ParOldGen       total 68608K, used 59510K [0x00000000c0000000, 0x00000000c4300000, 0x00000000eab00000)
  object space 68608K, 86% used [0x00000000c0000000,0x00000000c3a1db58,0x00000000c4300000)
 Metaspace       used 61495K, committed 62656K, reserved 1114112K
  class space    used 6587K, committed 7040K, reserved 1048576K
}
Event: 33.269 GC heap before
{Heap before GC invocations=63 (full 3):
 PSYoungGen      total 20480K, used 20109K [0x00000000eab00000, 0x00000000ec100000, 0x0000000100000000)
  eden space 19456K, 100% used [0x00000000eab00000,0x00000000ebe00000,0x00000000ebe00000)
  from space 1024K, 63% used [0x00000000ebe00000,0x00000000ebea35b0,0x00000000ebf00000)
  to   space 1536K, 0% used [0x00000000ebf80000,0x00000000ebf80000,0x00000000ec100000)
 ParOldGen       total 68608K, used 59510K [0x00000000c0000000, 0x00000000c4300000, 0x00000000eab00000)
  object space 68608K, 86% used [0x00000000c0000000,0x00000000c3a1db58,0x00000000c4300000)
 Metaspace       used 62535K, committed 63808K, reserved 1114112K
  class space    used 6686K, committed 7168K, reserved 1048576K
}
Event: 33.271 GC heap after
{Heap after GC invocations=63 (full 3):
 PSYoungGen      total 20480K, used 576K [0x00000000eab00000, 0x00000000ec080000, 0x0000000100000000)
  eden space 19456K, 0% used [0x00000000eab00000,0x00000000eab00000,0x00000000ebe00000)
  from space 1024K, 56% used [0x00000000ebf80000,0x00000000ec010020,0x00000000ec080000)
  to   space 1024K, 0% used [0x00000000ebe00000,0x00000000ebe00000,0x00000000ebf00000)
 ParOldGen       total 68608K, used 59942K [0x00000000c0000000, 0x00000000c4300000, 0x00000000eab00000)
  object space 68608K, 87% used [0x00000000c0000000,0x00000000c3a89b78,0x00000000c4300000)
 Metaspace       used 62535K, committed 63808K, reserved 1114112K
  class space    used 6686K, committed 7168K, reserved 1048576K
}
Event: 33.309 GC heap before
{Heap before GC invocations=64 (full 3):
 PSYoungGen      total 20480K, used 20032K [0x00000000eab00000, 0x00000000ec080000, 0x0000000100000000)
  eden space 19456K, 100% used [0x00000000eab00000,0x00000000ebe00000,0x00000000ebe00000)
  from space 1024K, 56% used [0x00000000ebf80000,0x00000000ec010020,0x00000000ec080000)
  to   space 1024K, 0% used [0x00000000ebe00000,0x00000000ebe00000,0x00000000ebf00000)
 ParOldGen       total 68608K, used 59942K [0x00000000c0000000, 0x00000000c4300000, 0x00000000eab00000)
  object space 68608K, 87% used [0x00000000c0000000,0x00000000c3a89b78,0x00000000c4300000)
 Metaspace       used 63181K, committed 64384K, reserved 1114112K
  class space    used 6738K, committed 7232K, reserved 1048576K
}
Event: 33.312 GC heap after
{Heap after GC invocations=64 (full 3):
 PSYoungGen      total 20480K, used 1004K [0x00000000eab00000, 0x00000000ec200000, 0x0000000100000000)
  eden space 19456K, 0% used [0x00000000eab00000,0x00000000eab00000,0x00000000ebe00000)
  from space 1024K, 98% used [0x00000000ebe00000,0x00000000ebefb190,0x00000000ebf00000)
  to   space 2048K, 0% used [0x00000000ec000000,0x00000000ec000000,0x00000000ec200000)
 ParOldGen       total 68608K, used 60391K [0x00000000c0000000, 0x00000000c4300000, 0x00000000eab00000)
  object space 68608K, 88% used [0x00000000c0000000,0x00000000c3af9e08,0x00000000c4300000)
 Metaspace       used 63181K, committed 64384K, reserved 1114112K
  class space    used 6738K, committed 7232K, reserved 1048576K
}
Event: 33.343 GC heap before
{Heap before GC invocations=65 (full 3):
 PSYoungGen      total 20480K, used 20460K [0x00000000eab00000, 0x00000000ec200000, 0x0000000100000000)
  eden space 19456K, 100% used [0x00000000eab00000,0x00000000ebe00000,0x00000000ebe00000)
  from space 1024K, 98% used [0x00000000ebe00000,0x00000000ebefb190,0x00000000ebf00000)
  to   space 2048K, 0% used [0x00000000ec000000,0x00000000ec000000,0x00000000ec200000)
 ParOldGen       total 68608K, used 60391K [0x00000000c0000000, 0x00000000c4300000, 0x00000000eab00000)
  object space 68608K, 88% used [0x00000000c0000000,0x00000000c3af9e08,0x00000000c4300000)
 Metaspace       used 63376K, committed 64576K, reserved 1114112K
  class space    used 6756K, committed 7232K, reserved 1048576K
}
Event: 33.346 GC heap after
{Heap after GC invocations=65 (full 3):
 PSYoungGen      total 20992K, used 1184K [0x00000000eab00000, 0x00000000ec180000, 0x0000000100000000)
  eden space 19456K, 0% used [0x00000000eab00000,0x00000000eab00000,0x00000000ebe00000)
  from space 1536K, 77% used [0x00000000ec000000,0x00000000ec128000,0x00000000ec180000)
  to   space 1536K, 0% used [0x00000000ebe80000,0x00000000ebe80000,0x00000000ec000000)
 ParOldGen       total 68608K, used 61261K [0x00000000c0000000, 0x00000000c4300000, 0x00000000eab00000)
  object space 68608K, 89% used [0x00000000c0000000,0x00000000c3bd3510,0x00000000c4300000)
 Metaspace       used 63376K, committed 64576K, reserved 1114112K
  class space    used 6756K, committed 7232K, reserved 1048576K
}
Event: 33.399 GC heap before
{Heap before GC invocations=66 (full 3):
 PSYoungGen      total 20992K, used 20640K [0x00000000eab00000, 0x00000000ec180000, 0x0000000100000000)
  eden space 19456K, 100% used [0x00000000eab00000,0x00000000ebe00000,0x00000000ebe00000)
  from space 1536K, 77% used [0x00000000ec000000,0x00000000ec128000,0x00000000ec180000)
  to   space 1536K, 0% used [0x00000000ebe80000,0x00000000ebe80000,0x00000000ec000000)
 ParOldGen       total 68608K, used 61261K [0x00000000c0000000, 0x00000000c4300000, 0x00000000eab00000)
  object space 68608K, 89% used [0x00000000c0000000,0x00000000c3bd3510,0x00000000c4300000)
 Metaspace       used 63550K, committed 64768K, reserved 1114112K
  class space    used 6767K, committed 7296K, reserved 1048576K
}
Event: 33.401 GC heap after
{Heap after GC invocations=66 (full 3):
 PSYoungGen      total 20992K, used 1504K [0x00000000eab00000, 0x00000000ec400000, 0x0000000100000000)
  eden space 19456K, 0% used [0x00000000eab00000,0x00000000eab00000,0x00000000ebe00000)
  from space 1536K, 97% used [0x00000000ebe80000,0x00000000ebff8020,0x00000000ec000000)
  to   space 3072K, 0% used [0x00000000ec100000,0x00000000ec100000,0x00000000ec400000)
 ParOldGen       total 68608K, used 62301K [0x00000000c0000000, 0x00000000c4300000, 0x00000000eab00000)
  object space 68608K, 90% used [0x00000000c0000000,0x00000000c3cd7510,0x00000000c4300000)
 Metaspace       used 63550K, committed 64768K, reserved 1114112K
  class space    used 6767K, committed 7296K, reserved 1048576K
}
Event: 33.493 GC heap before
{Heap before GC invocations=67 (full 3):
 PSYoungGen      total 20992K, used 20960K [0x00000000eab00000, 0x00000000ec400000, 0x0000000100000000)
  eden space 19456K, 100% used [0x00000000eab00000,0x00000000ebe00000,0x00000000ebe00000)
  from space 1536K, 97% used [0x00000000ebe80000,0x00000000ebff8020,0x00000000ec000000)
  to   space 3072K, 0% used [0x00000000ec100000,0x00000000ec100000,0x00000000ec400000)
 ParOldGen       total 68608K, used 62301K [0x00000000c0000000, 0x00000000c4300000, 0x00000000eab00000)
  object space 68608K, 90% used [0x00000000c0000000,0x00000000c3cd7510,0x00000000c4300000)
 Metaspace       used 63580K, committed 64768K, reserved 1114112K
  class space    used 6769K, committed 7296K, reserved 1048576K
}
Event: 33.497 GC heap after
{Heap after GC invocations=67 (full 3):
 PSYoungGen      total 20992K, used 1504K [0x00000000eab00000, 0x00000000ec280000, 0x0000000100000000)
  eden space 19456K, 0% used [0x00000000eab00000,0x00000000eab00000,0x00000000ebe00000)
  from space 1536K, 97% used [0x00000000ec100000,0x00000000ec278000,0x00000000ec280000)
  to   space 2048K, 0% used [0x00000000ebe80000,0x00000000ebe80000,0x00000000ec080000)
 ParOldGen       total 68608K, used 63757K [0x00000000c0000000, 0x00000000c4300000, 0x00000000eab00000)
  object space 68608K, 92% used [0x00000000c0000000,0x00000000c3e43540,0x00000000c4300000)
 Metaspace       used 63580K, committed 64768K, reserved 1114112K
  class space    used 6769K, committed 7296K, reserved 1048576K
}
Event: 33.552 GC heap before
{Heap before GC invocations=68 (full 3):
 PSYoungGen      total 20992K, used 20960K [0x00000000eab00000, 0x00000000ec280000, 0x0000000100000000)
  eden space 19456K, 100% used [0x00000000eab00000,0x00000000ebe00000,0x00000000ebe00000)
  from space 1536K, 97% used [0x00000000ec100000,0x00000000ec278000,0x00000000ec280000)
  to   space 2048K, 0% used [0x00000000ebe80000,0x00000000ebe80000,0x00000000ec080000)
 ParOldGen       total 68608K, used 63757K [0x00000000c0000000, 0x00000000c4300000, 0x00000000eab00000)
  object space 68608K, 92% used [0x00000000c0000000,0x00000000c3e43540,0x00000000c4300000)
 Metaspace       used 63583K, committed 64768K, reserved 1114112K
  class space    used 6769K, committed 7296K, reserved 1048576K
}
Event: 33.555 GC heap after
{Heap after GC invocations=68 (full 3):
 PSYoungGen      total 21504K, used 1664K [0x00000000eab00000, 0x00000000ec200000, 0x0000000100000000)
  eden space 19456K, 0% used [0x00000000eab00000,0x00000000eab00000,0x00000000ebe00000)
  from space 2048K, 81% used [0x00000000ebe80000,0x00000000ec020010,0x00000000ec080000)
  to   space 1536K, 0% used [0x00000000ec080000,0x00000000ec080000,0x00000000ec200000)
 ParOldGen       total 68608K, used 65109K [0x00000000c0000000, 0x00000000c4300000, 0x00000000eab00000)
  object space 68608K, 94% used [0x00000000c0000000,0x00000000c3f95540,0x00000000c4300000)
 Metaspace       used 63583K, committed 64768K, reserved 1114112K
  class space    used 6769K, committed 7296K, reserved 1048576K
}
Event: 33.671 GC heap before
{Heap before GC invocations=69 (full 3):
 PSYoungGen      total 21504K, used 21120K [0x00000000eab00000, 0x00000000ec200000, 0x0000000100000000)
  eden space 19456K, 100% used [0x00000000eab00000,0x00000000ebe00000,0x00000000ebe00000)
  from space 2048K, 81% used [0x00000000ebe80000,0x00000000ec020010,0x00000000ec080000)
  to   space 1536K, 0% used [0x00000000ec080000,0x00000000ec080000,0x00000000ec200000)
 ParOldGen       total 68608K, used 65109K [0x00000000c0000000, 0x00000000c4300000, 0x00000000eab00000)
  object space 68608K, 94% used [0x00000000c0000000,0x00000000c3f95540,0x00000000c4300000)
 Metaspace       used 63696K, committed 64896K, reserved 1114112K
  class space    used 6785K, committed 7296K, reserved 1048576K
}
Event: 33.673 GC heap after
{Heap after GC invocations=69 (full 3):
 PSYoungGen      total 20480K, used 800K [0x00000000eab00000, 0x00000000ec180000, 0x0000000100000000)
  eden space 19456K, 0% used [0x00000000eab00000,0x00000000eab00000,0x00000000ebe00000)
  from space 1024K, 78% used [0x00000000ec080000,0x00000000ec148000,0x00000000ec180000)
  to   space 1536K, 0% used [0x00000000ebe80000,0x00000000ebe80000,0x00000000ec000000)
 ParOldGen       total 68608K, used 66693K [0x00000000c0000000, 0x00000000c4300000, 0x00000000eab00000)
  object space 68608K, 97% used [0x00000000c0000000,0x00000000c4121550,0x00000000c4300000)
 Metaspace       used 63696K, committed 64896K, reserved 1114112K
  class space    used 6785K, committed 7296K, reserved 1048576K
}

