# JRE version: OpenJDK Runtime Environment Temurin-17.0.11+9 (17.0.11+9) (build 17.0.11+9)
# Java VM: OpenJDK 64-Bit Server VM Temurin-17.0.11+9 (17.0.11+9, mixed mode, emulated-client, tiered, compressed oops, compressed class ptrs, g1 gc, windows-amd64)
GC Precious Log:
 CPUs: 8 total, 8 available
 Memory: 12091M
 Large Page Support: Disabled
 NUMA Support: Disabled
 Compressed Oops: Enabled (32-bit)
 Heap Region Size: 1M
 Heap Min Capacity: 8M
 Heap Initial Capacity: 190M
 Heap Max Capacity: 1G
 Pre-touch: Disabled
 Parallel Workers: 8
 Concurrent Workers: 2
 Concurrent Refinement Workers: 8
 Periodic GC: Disabled
Heap:
 garbage-first heap   total 81920K, used 35535K [0x00000000c0000000, 0x0000000100000000)
  region size 1024K, 1 young (1024K), 0 survivors (0K)
 Metaspace       used 57769K, committed 58560K, reserved 1114112K
  class space    used 7136K, committed 7424K, reserved 1048576K
GC Heap History (20 events):
Event: 419.864 GC heap before
{Heap before GC invocations=50 (full 34):
 garbage-first heap   total 81920K, used 35535K [0x00000000c0000000, 0x0000000100000000)
  region size 1024K, 1 young (1024K), 0 survivors (0K)
 Metaspace       used 57769K, committed 58560K, reserved 1114112K
  class space    used 7136K, committed 7424K, reserved 1048576K
}
Event: 419.891 GC heap after
{Heap after GC invocations=51 (full 35):
 garbage-first heap   total 81920K, used 35535K [0x00000000c0000000, 0x0000000100000000)
  region size 1024K, 0 young (0K), 0 survivors (0K)
 Metaspace       used 57769K, committed 58560K, reserved 1114112K
  class space    used 7136K, committed 7424K, reserved 1048576K
}
Event: 430.138 GC heap before
{Heap before GC invocations=51 (full 35):
 garbage-first heap   total 81920K, used 35535K [0x00000000c0000000, 0x0000000100000000)
  region size 1024K, 1 young (1024K), 0 survivors (0K)
 Metaspace       used 57769K, committed 58560K, reserved 1114112K
  class space    used 7136K, committed 7424K, reserved 1048576K
}
Event: 430.200 GC heap after
{Heap after GC invocations=52 (full 36):
 garbage-first heap   total 81920K, used 35535K [0x00000000c0000000, 0x0000000100000000)
  region size 1024K, 0 young (0K), 0 survivors (0K)
 Metaspace       used 57769K, committed 58560K, reserved 1114112K
  class space    used 7136K, committed 7424K, reserved 1048576K
}
Event: 440.350 GC heap before
{Heap before GC invocations=52 (full 36):
 garbage-first heap   total 81920K, used 35535K [0x00000000c0000000, 0x0000000100000000)
  region size 1024K, 1 young (1024K), 0 survivors (0K)
 Metaspace       used 57769K, committed 58560K, reserved 1114112K
  class space    used 7136K, committed 7424K, reserved 1048576K
}
Event: 440.380 GC heap after
{Heap after GC invocations=53 (full 37):
 garbage-first heap   total 81920K, used 35535K [0x00000000c0000000, 0x0000000100000000)
  region size 1024K, 0 young (0K), 0 survivors (0K)
 Metaspace       used 57769K, committed 58560K, reserved 1114112K
  class space    used 7136K, committed 7424K, reserved 1048576K
}
Event: 450.504 GC heap before
{Heap before GC invocations=53 (full 37):
 garbage-first heap   total 81920K, used 35535K [0x00000000c0000000, 0x0000000100000000)
  region size 1024K, 1 young (1024K), 0 survivors (0K)
 Metaspace       used 57769K, committed 58560K, reserved 1114112K
  class space    used 7136K, committed 7424K, reserved 1048576K
}
Event: 450.535 GC heap after
{Heap after GC invocations=54 (full 38):
 garbage-first heap   total 81920K, used 35535K [0x00000000c0000000, 0x0000000100000000)
  region size 1024K, 0 young (0K), 0 survivors (0K)
 Metaspace       used 57769K, committed 58560K, reserved 1114112K
  class space    used 7136K, committed 7424K, reserved 1048576K
}
Event: 460.645 GC heap before
{Heap before GC invocations=54 (full 38):
 garbage-first heap   total 81920K, used 35535K [0x00000000c0000000, 0x0000000100000000)
  region size 1024K, 1 young (1024K), 0 survivors (0K)
 Metaspace       used 57769K, committed 58560K, reserved 1114112K
  class space    used 7136K, committed 7424K, reserved 1048576K
}
Event: 460.668 GC heap after
{Heap after GC invocations=55 (full 39):
 garbage-first heap   total 81920K, used 35535K [0x00000000c0000000, 0x0000000100000000)
  region size 1024K, 0 young (0K), 0 survivors (0K)
 Metaspace       used 57769K, committed 58560K, reserved 1114112K
  class space    used 7136K, committed 7424K, reserved 1048576K
}
Event: 470.882 GC heap before
{Heap before GC invocations=55 (full 39):
 garbage-first heap   total 81920K, used 35535K [0x00000000c0000000, 0x0000000100000000)
  region size 1024K, 1 young (1024K), 0 survivors (0K)
 Metaspace       used 57769K, committed 58560K, reserved 1114112K
  class space    used 7136K, committed 7424K, reserved 1048576K
}
Event: 470.941 GC heap after
{Heap after GC invocations=56 (full 40):
 garbage-first heap   total 81920K, used 35535K [0x00000000c0000000, 0x0000000100000000)
  region size 1024K, 0 young (0K), 0 survivors (0K)
 Metaspace       used 57769K, committed 58560K, reserved 1114112K
  class space    used 7136K, committed 7424K, reserved 1048576K
}
Event: 481.136 GC heap before
{Heap before GC invocations=56 (full 40):
 garbage-first heap   total 81920K, used 35535K [0x00000000c0000000, 0x0000000100000000)
  region size 1024K, 1 young (1024K), 0 survivors (0K)
 Metaspace       used 57769K, committed 58560K, reserved 1114112K
  class space    used 7136K, committed 7424K, reserved 1048576K
}
Event: 481.169 GC heap after
{Heap after GC invocations=57 (full 41):
 garbage-first heap   total 81920K, used 35535K [0x00000000c0000000, 0x0000000100000000)
  region size 1024K, 0 young (0K), 0 survivors (0K)
 Metaspace       used 57769K, committed 58560K, reserved 1114112K
  class space    used 7136K, committed 7424K, reserved 1048576K
}
Event: 491.298 GC heap before
{Heap before GC invocations=57 (full 41):
 garbage-first heap   total 81920K, used 35535K [0x00000000c0000000, 0x0000000100000000)
  region size 1024K, 1 young (1024K), 0 survivors (0K)
 Metaspace       used 57769K, committed 58560K, reserved 1114112K
  class space    used 7136K, committed 7424K, reserved 1048576K
}
Event: 491.328 GC heap after
{Heap after GC invocations=58 (full 42):
 garbage-first heap   total 81920K, used 35535K [0x00000000c0000000, 0x0000000100000000)
  region size 1024K, 0 young (0K), 0 survivors (0K)
 Metaspace       used 57769K, committed 58560K, reserved 1114112K
  class space    used 7136K, committed 7424K, reserved 1048576K
}
Event: 501.431 GC heap before
{Heap before GC invocations=58 (full 42):
 garbage-first heap   total 81920K, used 35535K [0x00000000c0000000, 0x0000000100000000)
  region size 1024K, 1 young (1024K), 0 survivors (0K)
 Metaspace       used 57769K, committed 58560K, reserved 1114112K
  class space    used 7136K, committed 7424K, reserved 1048576K
}
Event: 501.465 GC heap after
{Heap after GC invocations=59 (full 43):
 garbage-first heap   total 81920K, used 35535K [0x00000000c0000000, 0x0000000100000000)
  region size 1024K, 0 young (0K), 0 survivors (0K)
 Metaspace       used 57769K, committed 58560K, reserved 1114112K
  class space    used 7136K, committed 7424K, reserved 1048576K
}
Event: 511.574 GC heap before
{Heap before GC invocations=59 (full 43):
 garbage-first heap   total 81920K, used 35535K [0x00000000c0000000, 0x0000000100000000)
  region size 1024K, 1 young (1024K), 0 survivors (0K)
 Metaspace       used 57769K, committed 58560K, reserved 1114112K
  class space    used 7136K, committed 7424K, reserved 1048576K
}
Event: 511.600 GC heap after
{Heap after GC invocations=60 (full 44):
 garbage-first heap   total 81920K, used 35535K [0x00000000c0000000, 0x0000000100000000)
  region size 1024K, 0 young (0K), 0 survivors (0K)
 Metaspace       used 57769K, committed 58560K, reserved 1114112K
  class space    used 7136K, committed 7424K, reserved 1048576K
}

