# JRE version: OpenJDK Runtime Environment Temurin-17.0.11+9 (17.0.11+9) (build 17.0.11+9)
# Java VM: OpenJDK 64-Bit Server VM Temurin-17.0.11+9 (17.0.11+9, mixed mode, tiered, compressed oops, compressed class ptrs, parallel gc, windows-amd64)
GC Precious Log:
 CPUs: 8 total, 8 available
 Memory: 12091M
 Large Page Support: Disabled
 NUMA Support: Disabled
 Compressed Oops: Enabled (32-bit)
 Alignments: Space 512K, Generation 512K, Heap 2M
 Heap Min Capacity: 100M
 Heap Initial Capacity: 100M
 Heap Max Capacity: 1G
 Pre-touch: Disabled
 Parallel Workers: 8
Heap:
 PSYoungGen      total 24064K, used 7504K [0x00000000eab00000, 0x00000000ece00000, 0x0000000100000000)
  eden space 15872K, 34% used [0x00000000eab00000,0x00000000eb045770,0x00000000eba80000)
  from space 8192K, 25% used [0x00000000ebf80000,0x00000000ec18ebd0,0x00000000ec780000)
  to   space 3584K, 0% used [0x00000000eca80000,0x00000000eca80000,0x00000000ece00000)
 ParOldGen       total 699392K, used 342703K [0x00000000c0000000, 0x00000000eab00000, 0x00000000eab00000)
  object space 699392K, 49% used [0x00000000c0000000,0x00000000d4eabef8,0x00000000eab00000)
 Metaspace       used 77865K, committed 79232K, reserved 1179648K
  class space    used 8086K, committed 8640K, reserved 1048576K
GC Heap History (20 events):
Event: 54.725 GC heap before
{Heap before GC invocations=450 (full 141):
 PSYoungGen      total 18432K, used 12799K [0x00000000eab00000, 0x00000000ee000000, 0x0000000100000000)
  eden space 12800K, 99% used [0x00000000eab00000,0x00000000eb77fff0,0x00000000eb780000)
  from space 5632K, 0% used [0x00000000eb780000,0x00000000eb780000,0x00000000ebd00000)
  to   space 19968K, 0% used [0x00000000ecc80000,0x00000000ecc80000,0x00000000ee000000)
 ParOldGen       total 307712K, used 307442K [0x00000000c0000000, 0x00000000d2c80000, 0x00000000eab00000)
  object space 307712K, 99% used [0x00000000c0000000,0x00000000d2c3cbd8,0x00000000d2c80000)
 Metaspace       used 75730K, committed 77120K, reserved 1179648K
  class space    used 7851K, committed 8448K, reserved 1048576K
}
Event: 54.911 GC heap after
{Heap after GC invocations=450 (full 141):
 PSYoungGen      total 32768K, used 12799K [0x00000000eab00000, 0x00000000ee000000, 0x0000000100000000)
  eden space 12800K, 99% used [0x00000000eab00000,0x00000000eb77fff0,0x00000000eb780000)
  from space 19968K, 0% used [0x00000000ecc80000,0x00000000ecc80000,0x00000000ee000000)
  to   space 5632K, 0% used [0x00000000eb780000,0x00000000eb780000,0x00000000ebd00000)
 ParOldGen       total 307712K, used 307442K [0x00000000c0000000, 0x00000000d2c80000, 0x00000000eab00000)
  object space 307712K, 99% used [0x00000000c0000000,0x00000000d2c3cbd8,0x00000000d2c80000)
 Metaspace       used 75730K, committed 77120K, reserved 1179648K
  class space    used 7851K, committed 8448K, reserved 1048576K
}
Event: 54.912 GC heap before
{Heap before GC invocations=451 (full 142):
 PSYoungGen      total 32768K, used 12800K [0x00000000eab00000, 0x00000000ee000000, 0x0000000100000000)
  eden space 12800K, 100% used [0x00000000eab00000,0x00000000eb780000,0x00000000eb780000)
  from space 19968K, 0% used [0x00000000ecc80000,0x00000000ecc80000,0x00000000ee000000)
  to   space 5632K, 0% used [0x00000000eb780000,0x00000000eb780000,0x00000000ebd00000)
 ParOldGen       total 307712K, used 307445K [0x00000000c0000000, 0x00000000d2c80000, 0x00000000eab00000)
  object space 307712K, 99% used [0x00000000c0000000,0x00000000d2c3d648,0x00000000d2c80000)
 Metaspace       used 75731K, committed 77120K, reserved 1179648K
  class space    used 7851K, committed 8448K, reserved 1048576K
}
Event: 55.105 GC heap after
{Heap after GC invocations=451 (full 142):
 PSYoungGen      total 18432K, used 12799K [0x00000000eab00000, 0x00000000ee000000, 0x0000000100000000)
  eden space 12800K, 99% used [0x00000000eab00000,0x00000000eb77ffe0,0x00000000eb780000)
  from space 5632K, 0% used [0x00000000eb780000,0x00000000eb780000,0x00000000ebd00000)
  to   space 19968K, 0% used [0x00000000ecc80000,0x00000000ecc80000,0x00000000ee000000)
 ParOldGen       total 307712K, used 307443K [0x00000000c0000000, 0x00000000d2c80000, 0x00000000eab00000)
  object space 307712K, 99% used [0x00000000c0000000,0x00000000d2c3cd68,0x00000000d2c80000)
 Metaspace       used 75731K, committed 77120K, reserved 1179648K
  class space    used 7851K, committed 8448K, reserved 1048576K
}
Event: 55.106 GC heap before
{Heap before GC invocations=452 (full 143):
 PSYoungGen      total 18432K, used 12799K [0x00000000eab00000, 0x00000000ee000000, 0x0000000100000000)
  eden space 12800K, 99% used [0x00000000eab00000,0x00000000eb77fff8,0x00000000eb780000)
  from space 5632K, 0% used [0x00000000eb780000,0x00000000eb780000,0x00000000ebd00000)
  to   space 19968K, 0% used [0x00000000ecc80000,0x00000000ecc80000,0x00000000ee000000)
 ParOldGen       total 307712K, used 307443K [0x00000000c0000000, 0x00000000d2c80000, 0x00000000eab00000)
  object space 307712K, 99% used [0x00000000c0000000,0x00000000d2c3cd68,0x00000000d2c80000)
 Metaspace       used 75731K, committed 77120K, reserved 1179648K
  class space    used 7851K, committed 8448K, reserved 1048576K
}
Event: 55.309 GC heap after
{Heap after GC invocations=452 (full 143):
 PSYoungGen      total 32768K, used 12799K [0x00000000eab00000, 0x00000000ee000000, 0x0000000100000000)
  eden space 12800K, 99% used [0x00000000eab00000,0x00000000eb77fff8,0x00000000eb780000)
  from space 19968K, 0% used [0x00000000ecc80000,0x00000000ecc80000,0x00000000ee000000)
  to   space 5632K, 0% used [0x00000000eb780000,0x00000000eb780000,0x00000000ebd00000)
 ParOldGen       total 307712K, used 307443K [0x00000000c0000000, 0x00000000d2c80000, 0x00000000eab00000)
  object space 307712K, 99% used [0x00000000c0000000,0x00000000d2c3cd68,0x00000000d2c80000)
 Metaspace       used 75731K, committed 77120K, reserved 1179648K
  class space    used 7851K, committed 8448K, reserved 1048576K
}
Event: 55.310 GC heap before
{Heap before GC invocations=453 (full 144):
 PSYoungGen      total 32768K, used 12799K [0x00000000eab00000, 0x00000000ee000000, 0x0000000100000000)
  eden space 12800K, 99% used [0x00000000eab00000,0x00000000eb77fff8,0x00000000eb780000)
  from space 19968K, 0% used [0x00000000ecc80000,0x00000000ecc80000,0x00000000ee000000)
  to   space 5632K, 0% used [0x00000000eb780000,0x00000000eb780000,0x00000000ebd00000)
 ParOldGen       total 307712K, used 307445K [0x00000000c0000000, 0x00000000d2c80000, 0x00000000eab00000)
  object space 307712K, 99% used [0x00000000c0000000,0x00000000d2c3d5a0,0x00000000d2c80000)
 Metaspace       used 75731K, committed 77120K, reserved 1179648K
  class space    used 7851K, committed 8448K, reserved 1048576K
}
Event: 55.545 GC heap after
{Heap after GC invocations=453 (full 144):
 PSYoungGen      total 18432K, used 12799K [0x00000000eab00000, 0x00000000ee000000, 0x0000000100000000)
  eden space 12800K, 99% used [0x00000000eab00000,0x00000000eb77ffb0,0x00000000eb780000)
  from space 5632K, 0% used [0x00000000eb780000,0x00000000eb780000,0x00000000ebd00000)
  to   space 19968K, 0% used [0x00000000ecc80000,0x00000000ecc80000,0x00000000ee000000)
 ParOldGen       total 699392K, used 307442K [0x00000000c0000000, 0x00000000eab00000, 0x00000000eab00000)
  object space 699392K, 43% used [0x00000000c0000000,0x00000000d2c3c8d0,0x00000000eab00000)
 Metaspace       used 75731K, committed 77120K, reserved 1179648K
  class space    used 7851K, committed 8448K, reserved 1048576K
}
Event: 55.546 GC heap before
{Heap before GC invocations=454 (full 144):
 PSYoungGen      total 18432K, used 12799K [0x00000000eab00000, 0x00000000ee000000, 0x0000000100000000)
  eden space 12800K, 99% used [0x00000000eab00000,0x00000000eb77ffe0,0x00000000eb780000)
  from space 5632K, 0% used [0x00000000eb780000,0x00000000eb780000,0x00000000ebd00000)
  to   space 19968K, 0% used [0x00000000ecc80000,0x00000000ecc80000,0x00000000ee000000)
 ParOldGen       total 699392K, used 307442K [0x00000000c0000000, 0x00000000eab00000, 0x00000000eab00000)
  object space 699392K, 43% used [0x00000000c0000000,0x00000000d2c3c8d0,0x00000000eab00000)
 Metaspace       used 75731K, committed 77120K, reserved 1179648K
  class space    used 7851K, committed 8448K, reserved 1048576K
}
Event: 55.568 GC heap after
{Heap after GC invocations=454 (full 144):
 PSYoungGen      total 24576K, used 11228K [0x00000000eab00000, 0x00000000ed780000, 0x0000000100000000)
  eden space 13312K, 0% used [0x00000000eab00000,0x00000000eab00000,0x00000000eb800000)
  from space 11264K, 99% used [0x00000000ecc80000,0x00000000ed7773b0,0x00000000ed780000)
  to   space 14336K, 0% used [0x00000000ebb80000,0x00000000ebb80000,0x00000000ec980000)
 ParOldGen       total 699392K, used 309192K [0x00000000c0000000, 0x00000000eab00000, 0x00000000eab00000)
  object space 699392K, 44% used [0x00000000c0000000,0x00000000d2df22b8,0x00000000eab00000)
 Metaspace       used 75731K, committed 77120K, reserved 1179648K
  class space    used 7851K, committed 8448K, reserved 1048576K
}
Event: 55.823 GC heap before
{Heap before GC invocations=455 (full 144):
 PSYoungGen      total 24576K, used 24540K [0x00000000eab00000, 0x00000000ed780000, 0x0000000100000000)
  eden space 13312K, 99% used [0x00000000eab00000,0x00000000eb7ffff0,0x00000000eb800000)
  from space 11264K, 99% used [0x00000000ecc80000,0x00000000ed7773b0,0x00000000ed780000)
  to   space 14336K, 0% used [0x00000000ebb80000,0x00000000ebb80000,0x00000000ec980000)
 ParOldGen       total 699392K, used 309192K [0x00000000c0000000, 0x00000000eab00000, 0x00000000eab00000)
  object space 699392K, 44% used [0x00000000c0000000,0x00000000d2df22b8,0x00000000eab00000)
 Metaspace       used 75834K, committed 77184K, reserved 1179648K
  class space    used 7858K, committed 8448K, reserved 1048576K
}
Event: 55.837 GC heap after
{Heap after GC invocations=455 (full 144):
 PSYoungGen      total 28160K, used 14328K [0x00000000eab00000, 0x00000000ee180000, 0x0000000100000000)
  eden space 13824K, 0% used [0x00000000eab00000,0x00000000eab00000,0x00000000eb880000)
  from space 14336K, 99% used [0x00000000ebb80000,0x00000000ec97e0a0,0x00000000ec980000)
  to   space 20992K, 0% used [0x00000000ecd00000,0x00000000ecd00000,0x00000000ee180000)
 ParOldGen       total 699392K, used 314004K [0x00000000c0000000, 0x00000000eab00000, 0x00000000eab00000)
  object space 699392K, 44% used [0x00000000c0000000,0x00000000d32a5190,0x00000000eab00000)
 Metaspace       used 75834K, committed 77184K, reserved 1179648K
  class space    used 7858K, committed 8448K, reserved 1048576K
}
Event: 56.908 GC heap before
{Heap before GC invocations=456 (full 144):
 PSYoungGen      total 28160K, used 28152K [0x00000000eab00000, 0x00000000ee180000, 0x0000000100000000)
  eden space 13824K, 100% used [0x00000000eab00000,0x00000000eb880000,0x00000000eb880000)
  from space 14336K, 99% used [0x00000000ebb80000,0x00000000ec97e0a0,0x00000000ec980000)
  to   space 20992K, 0% used [0x00000000ecd00000,0x00000000ecd00000,0x00000000ee180000)
 ParOldGen       total 699392K, used 314004K [0x00000000c0000000, 0x00000000eab00000, 0x00000000eab00000)
  object space 699392K, 44% used [0x00000000c0000000,0x00000000d32a5190,0x00000000eab00000)
 Metaspace       used 75867K, committed 77184K, reserved 1179648K
  class space    used 7860K, committed 8448K, reserved 1048576K
}
Event: 56.925 GC heap after
{Heap after GC invocations=456 (full 144):
 PSYoungGen      total 25088K, used 10357K [0x00000000eab00000, 0x00000000ed780000, 0x0000000100000000)
  eden space 14336K, 0% used [0x00000000eab00000,0x00000000eab00000,0x00000000eb900000)
  from space 10752K, 96% used [0x00000000ecd00000,0x00000000ed71d658,0x00000000ed780000)
  to   space 13824K, 0% used [0x00000000ebc80000,0x00000000ebc80000,0x00000000eca00000)
 ParOldGen       total 699392K, used 326464K [0x00000000c0000000, 0x00000000eab00000, 0x00000000eab00000)
  object space 699392K, 46% used [0x00000000c0000000,0x00000000d3ed0190,0x00000000eab00000)
 Metaspace       used 75867K, committed 77184K, reserved 1179648K
  class space    used 7860K, committed 8448K, reserved 1048576K
}
Event: 57.002 GC heap before
{Heap before GC invocations=457 (full 144):
 PSYoungGen      total 25088K, used 24693K [0x00000000eab00000, 0x00000000ed780000, 0x0000000100000000)
  eden space 14336K, 100% used [0x00000000eab00000,0x00000000eb900000,0x00000000eb900000)
  from space 10752K, 96% used [0x00000000ecd00000,0x00000000ed71d658,0x00000000ed780000)
  to   space 13824K, 0% used [0x00000000ebc80000,0x00000000ebc80000,0x00000000eca00000)
 ParOldGen       total 699392K, used 326464K [0x00000000c0000000, 0x00000000eab00000, 0x00000000eab00000)
  object space 699392K, 46% used [0x00000000c0000000,0x00000000d3ed0190,0x00000000eab00000)
 Metaspace       used 75873K, committed 77248K, reserved 1179648K
  class space    used 7860K, committed 8448K, reserved 1048576K
}
Event: 57.011 GC heap after
{Heap after GC invocations=457 (full 144):
 PSYoungGen      total 28672K, used 13807K [0x00000000eab00000, 0x00000000ee180000, 0x0000000100000000)
  eden space 14848K, 0% used [0x00000000eab00000,0x00000000eab00000,0x00000000eb980000)
  from space 13824K, 99% used [0x00000000ebc80000,0x00000000ec9fbfa0,0x00000000eca00000)
  to   space 20480K, 0% used [0x00000000ecd80000,0x00000000ecd80000,0x00000000ee180000)
 ParOldGen       total 699392K, used 331381K [0x00000000c0000000, 0x00000000eab00000, 0x00000000eab00000)
  object space 699392K, 47% used [0x00000000c0000000,0x00000000d439d678,0x00000000eab00000)
 Metaspace       used 75873K, committed 77248K, reserved 1179648K
  class space    used 7860K, committed 8448K, reserved 1048576K
}
Event: 57.174 GC heap before
{Heap before GC invocations=458 (full 144):
 PSYoungGen      total 28672K, used 28633K [0x00000000eab00000, 0x00000000ee180000, 0x0000000100000000)
  eden space 14848K, 99% used [0x00000000eab00000,0x00000000eb97a638,0x00000000eb980000)
  from space 13824K, 99% used [0x00000000ebc80000,0x00000000ec9fbfa0,0x00000000eca00000)
  to   space 20480K, 0% used [0x00000000ecd80000,0x00000000ecd80000,0x00000000ee180000)
 ParOldGen       total 699392K, used 331381K [0x00000000c0000000, 0x00000000eab00000, 0x00000000eab00000)
  object space 699392K, 47% used [0x00000000c0000000,0x00000000d439d678,0x00000000eab00000)
 Metaspace       used 76126K, committed 77504K, reserved 1179648K
  class space    used 7883K, committed 8448K, reserved 1048576K
}
Event: 57.189 GC heap after
{Heap after GC invocations=458 (full 144):
 PSYoungGen      total 17408K, used 1993K [0x00000000eab00000, 0x00000000ecf80000, 0x0000000100000000)
  eden space 15360K, 0% used [0x00000000eab00000,0x00000000eab00000,0x00000000eba00000)
  from space 2048K, 97% used [0x00000000ecd80000,0x00000000ecf72750,0x00000000ecf80000)
  to   space 8192K, 0% used [0x00000000ebf80000,0x00000000ebf80000,0x00000000ec780000)
 ParOldGen       total 699392K, used 342703K [0x00000000c0000000, 0x00000000eab00000, 0x00000000eab00000)
  object space 699392K, 49% used [0x00000000c0000000,0x00000000d4eabef8,0x00000000eab00000)
 Metaspace       used 76126K, committed 77504K, reserved 1179648K
  class space    used 7883K, committed 8448K, reserved 1048576K
}
Event: 57.504 GC heap before
{Heap before GC invocations=459 (full 144):
 PSYoungGen      total 17408K, used 17353K [0x00000000eab00000, 0x00000000ecf80000, 0x0000000100000000)
  eden space 15360K, 100% used [0x00000000eab00000,0x00000000eba00000,0x00000000eba00000)
  from space 2048K, 97% used [0x00000000ecd80000,0x00000000ecf72750,0x00000000ecf80000)
  to   space 8192K, 0% used [0x00000000ebf80000,0x00000000ebf80000,0x00000000ec780000)
 ParOldGen       total 699392K, used 342703K [0x00000000c0000000, 0x00000000eab00000, 0x00000000eab00000)
  object space 699392K, 49% used [0x00000000c0000000,0x00000000d4eabef8,0x00000000eab00000)
 Metaspace       used 77214K, committed 78592K, reserved 1179648K
  class space    used 7999K, committed 8576K, reserved 1048576K
}
Event: 57.509 GC heap after
{Heap after GC invocations=459 (full 144):
 PSYoungGen      total 24064K, used 2106K [0x00000000eab00000, 0x00000000ece00000, 0x0000000100000000)
  eden space 15872K, 0% used [0x00000000eab00000,0x00000000eab00000,0x00000000eba80000)
  from space 8192K, 25% used [0x00000000ebf80000,0x00000000ec18ebd0,0x00000000ec780000)
  to   space 3584K, 0% used [0x00000000eca80000,0x00000000eca80000,0x00000000ece00000)
 ParOldGen       total 699392K, used 342703K [0x00000000c0000000, 0x00000000eab00000, 0x00000000eab00000)
  object space 699392K, 49% used [0x00000000c0000000,0x00000000d4eabef8,0x00000000eab00000)
 Metaspace       used 77214K, committed 78592K, reserved 1179648K
  class space    used 7999K, committed 8576K, reserved 1048576K
}

