# JRE version: OpenJDK Runtime Environment Temurin-17.0.11+9 (17.0.11+9) (build 17.0.11+9)
# Java VM: OpenJDK 64-Bit Server VM Temurin-17.0.11+9 (17.0.11+9, mixed mode, emulated-client, tiered, compressed oops, compressed class ptrs, g1 gc, windows-amd64)
GC Precious Log:
 CPUs: 8 total, 8 available
 Memory: 12091M
 Large Page Support: Disabled
 NUMA Support: Disabled
 Compressed Oops: Enabled (32-bit)
 Heap Region Size: 1M
 Heap Min Capacity: 8M
 Heap Initial Capacity: 190M
 Heap Max Capacity: 1G
 Pre-touch: Disabled
 Parallel Workers: 8
 Concurrent Workers: 2
 Concurrent Refinement Workers: 8
 Periodic GC: Disabled
Heap:
 garbage-first heap   total 130048K, used 38360K [0x00000000c0000000, 0x0000000100000000)
  region size 1024K, 1 young (1024K), 0 survivors (0K)
 Metaspace       used 61429K, committed 61888K, reserved 1114112K
  class space    used 7709K, committed 7936K, reserved 1048576K
GC Heap History (20 events):
Event: 5065.190 GC heap before
{Heap before GC invocations=362 (full 231):
 garbage-first heap   total 130048K, used 38360K [0x00000000c0000000, 0x0000000100000000)
  region size 1024K, 1 young (1024K), 0 survivors (0K)
 Metaspace       used 61429K, committed 61888K, reserved 1114112K
  class space    used 7709K, committed 7936K, reserved 1048576K
}
Event: 5065.236 GC heap after
{Heap after GC invocations=363 (full 232):
 garbage-first heap   total 130048K, used 38360K [0x00000000c0000000, 0x0000000100000000)
  region size 1024K, 0 young (0K), 0 survivors (0K)
 Metaspace       used 61429K, committed 61888K, reserved 1114112K
  class space    used 7709K, committed 7936K, reserved 1048576K
}
Event: 5075.357 GC heap before
{Heap before GC invocations=363 (full 232):
 garbage-first heap   total 130048K, used 38360K [0x00000000c0000000, 0x0000000100000000)
  region size 1024K, 1 young (1024K), 0 survivors (0K)
 Metaspace       used 61429K, committed 61888K, reserved 1114112K
  class space    used 7709K, committed 7936K, reserved 1048576K
}
Event: 5075.395 GC heap after
{Heap after GC invocations=364 (full 233):
 garbage-first heap   total 130048K, used 38360K [0x00000000c0000000, 0x0000000100000000)
  region size 1024K, 0 young (0K), 0 survivors (0K)
 Metaspace       used 61429K, committed 61888K, reserved 1114112K
  class space    used 7709K, committed 7936K, reserved 1048576K
}
Event: 5085.547 GC heap before
{Heap before GC invocations=364 (full 233):
 garbage-first heap   total 130048K, used 38360K [0x00000000c0000000, 0x0000000100000000)
  region size 1024K, 1 young (1024K), 0 survivors (0K)
 Metaspace       used 61429K, committed 61888K, reserved 1114112K
  class space    used 7709K, committed 7936K, reserved 1048576K
}
Event: 5085.581 GC heap after
{Heap after GC invocations=365 (full 234):
 garbage-first heap   total 130048K, used 38360K [0x00000000c0000000, 0x0000000100000000)
  region size 1024K, 0 young (0K), 0 survivors (0K)
 Metaspace       used 61429K, committed 61888K, reserved 1114112K
  class space    used 7709K, committed 7936K, reserved 1048576K
}
Event: 5095.748 GC heap before
{Heap before GC invocations=365 (full 234):
 garbage-first heap   total 130048K, used 38360K [0x00000000c0000000, 0x0000000100000000)
  region size 1024K, 1 young (1024K), 0 survivors (0K)
 Metaspace       used 61429K, committed 61888K, reserved 1114112K
  class space    used 7709K, committed 7936K, reserved 1048576K
}
Event: 5095.791 GC heap after
{Heap after GC invocations=366 (full 235):
 garbage-first heap   total 130048K, used 38360K [0x00000000c0000000, 0x0000000100000000)
  region size 1024K, 0 young (0K), 0 survivors (0K)
 Metaspace       used 61429K, committed 61888K, reserved 1114112K
  class space    used 7709K, committed 7936K, reserved 1048576K
}
Event: 5105.896 GC heap before
{Heap before GC invocations=366 (full 235):
 garbage-first heap   total 130048K, used 38360K [0x00000000c0000000, 0x0000000100000000)
  region size 1024K, 1 young (1024K), 0 survivors (0K)
 Metaspace       used 61429K, committed 61888K, reserved 1114112K
  class space    used 7709K, committed 7936K, reserved 1048576K
}
Event: 5105.929 GC heap after
{Heap after GC invocations=367 (full 236):
 garbage-first heap   total 130048K, used 38360K [0x00000000c0000000, 0x0000000100000000)
  region size 1024K, 0 young (0K), 0 survivors (0K)
 Metaspace       used 61429K, committed 61888K, reserved 1114112K
  class space    used 7709K, committed 7936K, reserved 1048576K
}
Event: 5116.090 GC heap before
{Heap before GC invocations=367 (full 236):
 garbage-first heap   total 130048K, used 38360K [0x00000000c0000000, 0x0000000100000000)
  region size 1024K, 1 young (1024K), 0 survivors (0K)
 Metaspace       used 61429K, committed 61888K, reserved 1114112K
  class space    used 7709K, committed 7936K, reserved 1048576K
}
Event: 5116.132 GC heap after
{Heap after GC invocations=368 (full 237):
 garbage-first heap   total 130048K, used 38360K [0x00000000c0000000, 0x0000000100000000)
  region size 1024K, 0 young (0K), 0 survivors (0K)
 Metaspace       used 61429K, committed 61888K, reserved 1114112K
  class space    used 7709K, committed 7936K, reserved 1048576K
}
Event: 5126.249 GC heap before
{Heap before GC invocations=368 (full 237):
 garbage-first heap   total 130048K, used 38360K [0x00000000c0000000, 0x0000000100000000)
  region size 1024K, 1 young (1024K), 0 survivors (0K)
 Metaspace       used 61429K, committed 61888K, reserved 1114112K
  class space    used 7709K, committed 7936K, reserved 1048576K
}
Event: 5126.288 GC heap after
{Heap after GC invocations=369 (full 238):
 garbage-first heap   total 130048K, used 38360K [0x00000000c0000000, 0x0000000100000000)
  region size 1024K, 0 young (0K), 0 survivors (0K)
 Metaspace       used 61429K, committed 61888K, reserved 1114112K
  class space    used 7709K, committed 7936K, reserved 1048576K
}
Event: 5136.385 GC heap before
{Heap before GC invocations=369 (full 238):
 garbage-first heap   total 130048K, used 38360K [0x00000000c0000000, 0x0000000100000000)
  region size 1024K, 1 young (1024K), 0 survivors (0K)
 Metaspace       used 61429K, committed 61888K, reserved 1114112K
  class space    used 7709K, committed 7936K, reserved 1048576K
}
Event: 5136.417 GC heap after
{Heap after GC invocations=370 (full 239):
 garbage-first heap   total 130048K, used 38360K [0x00000000c0000000, 0x0000000100000000)
  region size 1024K, 0 young (0K), 0 survivors (0K)
 Metaspace       used 61429K, committed 61888K, reserved 1114112K
  class space    used 7709K, committed 7936K, reserved 1048576K
}
Event: 5146.524 GC heap before
{Heap before GC invocations=370 (full 239):
 garbage-first heap   total 130048K, used 38360K [0x00000000c0000000, 0x0000000100000000)
  region size 1024K, 1 young (1024K), 0 survivors (0K)
 Metaspace       used 61429K, committed 61888K, reserved 1114112K
  class space    used 7709K, committed 7936K, reserved 1048576K
}
Event: 5146.561 GC heap after
{Heap after GC invocations=371 (full 240):
 garbage-first heap   total 130048K, used 38360K [0x00000000c0000000, 0x0000000100000000)
  region size 1024K, 0 young (0K), 0 survivors (0K)
 Metaspace       used 61429K, committed 61888K, reserved 1114112K
  class space    used 7709K, committed 7936K, reserved 1048576K
}
Event: 5156.699 GC heap before
{Heap before GC invocations=371 (full 240):
 garbage-first heap   total 130048K, used 38360K [0x00000000c0000000, 0x0000000100000000)
  region size 1024K, 1 young (1024K), 0 survivors (0K)
 Metaspace       used 61429K, committed 61888K, reserved 1114112K
  class space    used 7709K, committed 7936K, reserved 1048576K
}
Event: 5156.738 GC heap after
{Heap after GC invocations=372 (full 241):
 garbage-first heap   total 130048K, used 38360K [0x00000000c0000000, 0x0000000100000000)
  region size 1024K, 0 young (0K), 0 survivors (0K)
 Metaspace       used 61429K, committed 61888K, reserved 1114112K
  class space    used 7709K, committed 7936K, reserved 1048576K
}

