# JRE version: OpenJDK Runtime Environment Temurin-17.0.11+9 (17.0.11+9) (build 17.0.11+9)
# Java VM: OpenJDK 64-Bit Server VM Temurin-17.0.11+9 (17.0.11+9, mixed mode, tiered, compressed oops, compressed class ptrs, parallel gc, windows-amd64)
GC Precious Log:
 CPUs: 8 total, 8 available
 Memory: 12091M
 Large Page Support: Disabled
 NUMA Support: Disabled
 Compressed Oops: Enabled (32-bit)
 Alignments: Space 512K, Generation 512K, Heap 2M
 Heap Min Capacity: 100M
 Heap Initial Capacity: 100M
 Heap Max Capacity: 1G
 Pre-touch: Disabled
 Parallel Workers: 8
Heap:
 PSYoungGen      total 19456K, used 4895K [0x00000000eab00000, 0x00000000ec180000, 0x0000000100000000)
  eden space 18944K, 23% used [0x00000000eab00000,0x00000000eaf52f40,0x00000000ebd80000)
  from space 512K, 91% used [0x00000000ec100000,0x00000000ec174f50,0x00000000ec180000)
  to   space 1024K, 0% used [0x00000000ebf80000,0x00000000ebf80000,0x00000000ec080000)
 ParOldGen       total 68608K, used 30049K [0x00000000c0000000, 0x00000000c4300000, 0x00000000eab00000)
  object space 68608K, 43% used [0x00000000c0000000,0x00000000c1d58488,0x00000000c4300000)
 Metaspace       used 47536K, committed 48384K, reserved 1114112K
  class space    used 4800K, committed 5184K, reserved 1048576K
GC Heap History (20 events):
Event: 9.427 GC heap before
{Heap before GC invocations=15 (full 2):
 PSYoungGen      total 24064K, used 23904K [0x00000000eab00000, 0x00000000ec680000, 0x0000000100000000)
  eden space 22016K, 100% used [0x00000000eab00000,0x00000000ec080000,0x00000000ec080000)
  from space 2048K, 92% used [0x00000000ec480000,0x00000000ec658000,0x00000000ec680000)
  to   space 2048K, 0% used [0x00000000ec280000,0x00000000ec280000,0x00000000ec480000)
 ParOldGen       total 68608K, used 16244K [0x00000000c0000000, 0x00000000c4300000, 0x00000000eab00000)
  object space 68608K, 23% used [0x00000000c0000000,0x00000000c0fdd3f8,0x00000000c4300000)
 Metaspace       used 37887K, committed 38528K, reserved 1114112K
  class space    used 3823K, committed 4096K, reserved 1048576K
}
Event: 9.436 GC heap after
{Heap after GC invocations=15 (full 2):
 PSYoungGen      total 24064K, used 1946K [0x00000000eab00000, 0x00000000ec500000, 0x0000000100000000)
  eden space 22016K, 0% used [0x00000000eab00000,0x00000000eab00000,0x00000000ec080000)
  from space 2048K, 95% used [0x00000000ec280000,0x00000000ec466a78,0x00000000ec480000)
  to   space 512K, 0% used [0x00000000ec480000,0x00000000ec480000,0x00000000ec500000)
 ParOldGen       total 68608K, used 18020K [0x00000000c0000000, 0x00000000c4300000, 0x00000000eab00000)
  object space 68608K, 26% used [0x00000000c0000000,0x00000000c11993f8,0x00000000c4300000)
 Metaspace       used 37887K, committed 38528K, reserved 1114112K
  class space    used 3823K, committed 4096K, reserved 1048576K
}
Event: 10.467 GC heap before
{Heap before GC invocations=16 (full 2):
 PSYoungGen      total 24064K, used 23962K [0x00000000eab00000, 0x00000000ec500000, 0x0000000100000000)
  eden space 22016K, 100% used [0x00000000eab00000,0x00000000ec080000,0x00000000ec080000)
  from space 2048K, 95% used [0x00000000ec280000,0x00000000ec466a78,0x00000000ec480000)
  to   space 512K, 0% used [0x00000000ec480000,0x00000000ec480000,0x00000000ec500000)
 ParOldGen       total 68608K, used 18020K [0x00000000c0000000, 0x00000000c4300000, 0x00000000eab00000)
  object space 68608K, 26% used [0x00000000c0000000,0x00000000c11993f8,0x00000000c4300000)
 Metaspace       used 39878K, committed 40576K, reserved 1114112K
  class space    used 4104K, committed 4416K, reserved 1048576K
}
Event: 10.473 GC heap after
{Heap after GC invocations=16 (full 2):
 PSYoungGen      total 22528K, used 501K [0x00000000eab00000, 0x00000000ec580000, 0x0000000100000000)
  eden space 22016K, 0% used [0x00000000eab00000,0x00000000eab00000,0x00000000ec080000)
  from space 512K, 98% used [0x00000000ec480000,0x00000000ec4fd710,0x00000000ec500000)
  to   space 2560K, 0% used [0x00000000ec080000,0x00000000ec080000,0x00000000ec300000)
 ParOldGen       total 68608K, used 19897K [0x00000000c0000000, 0x00000000c4300000, 0x00000000eab00000)
  object space 68608K, 29% used [0x00000000c0000000,0x00000000c136e5e0,0x00000000c4300000)
 Metaspace       used 39878K, committed 40576K, reserved 1114112K
  class space    used 4104K, committed 4416K, reserved 1048576K
}
Event: 11.523 GC heap before
{Heap before GC invocations=17 (full 2):
 PSYoungGen      total 22528K, used 22504K [0x00000000eab00000, 0x00000000ec580000, 0x0000000100000000)
  eden space 22016K, 99% used [0x00000000eab00000,0x00000000ec07cc68,0x00000000ec080000)
  from space 512K, 98% used [0x00000000ec480000,0x00000000ec4fd710,0x00000000ec500000)
  to   space 2560K, 0% used [0x00000000ec080000,0x00000000ec080000,0x00000000ec300000)
 ParOldGen       total 68608K, used 19897K [0x00000000c0000000, 0x00000000c4300000, 0x00000000eab00000)
  object space 68608K, 29% used [0x00000000c0000000,0x00000000c136e5e0,0x00000000c4300000)
 Metaspace       used 41610K, committed 42304K, reserved 1114112K
  class space    used 4236K, committed 4544K, reserved 1048576K
}
Event: 11.525 GC heap after
{Heap after GC invocations=17 (full 2):
 PSYoungGen      total 24576K, used 654K [0x00000000eab00000, 0x00000000ec500000, 0x0000000100000000)
  eden space 22016K, 0% used [0x00000000eab00000,0x00000000eab00000,0x00000000ec080000)
  from space 2560K, 25% used [0x00000000ec080000,0x00000000ec123900,0x00000000ec300000)
  to   space 1536K, 0% used [0x00000000ec380000,0x00000000ec380000,0x00000000ec500000)
 ParOldGen       total 68608K, used 20369K [0x00000000c0000000, 0x00000000c4300000, 0x00000000eab00000)
  object space 68608K, 29% used [0x00000000c0000000,0x00000000c13e45d8,0x00000000c4300000)
 Metaspace       used 41610K, committed 42304K, reserved 1114112K
  class space    used 4236K, committed 4544K, reserved 1048576K
}
Event: 12.304 GC heap before
{Heap before GC invocations=18 (full 2):
 PSYoungGen      total 24576K, used 22670K [0x00000000eab00000, 0x00000000ec500000, 0x0000000100000000)
  eden space 22016K, 100% used [0x00000000eab00000,0x00000000ec080000,0x00000000ec080000)
  from space 2560K, 25% used [0x00000000ec080000,0x00000000ec123900,0x00000000ec300000)
  to   space 1536K, 0% used [0x00000000ec380000,0x00000000ec380000,0x00000000ec500000)
 ParOldGen       total 68608K, used 20369K [0x00000000c0000000, 0x00000000c4300000, 0x00000000eab00000)
  object space 68608K, 29% used [0x00000000c0000000,0x00000000c13e45d8,0x00000000c4300000)
 Metaspace       used 43412K, committed 44160K, reserved 1114112K
  class space    used 4385K, committed 4736K, reserved 1048576K
}
Event: 12.307 GC heap after
{Heap after GC invocations=18 (full 2):
 PSYoungGen      total 23552K, used 1504K [0x00000000eab00000, 0x00000000ec580000, 0x0000000100000000)
  eden space 22016K, 0% used [0x00000000eab00000,0x00000000eab00000,0x00000000ec080000)
  from space 1536K, 97% used [0x00000000ec380000,0x00000000ec4f8040,0x00000000ec500000)
  to   space 2560K, 0% used [0x00000000ec080000,0x00000000ec080000,0x00000000ec300000)
 ParOldGen       total 68608K, used 20777K [0x00000000c0000000, 0x00000000c4300000, 0x00000000eab00000)
  object space 68608K, 30% used [0x00000000c0000000,0x00000000c144a5d8,0x00000000c4300000)
 Metaspace       used 43412K, committed 44160K, reserved 1114112K
  class space    used 4385K, committed 4736K, reserved 1048576K
}
Event: 12.372 GC heap before
{Heap before GC invocations=19 (full 2):
 PSYoungGen      total 23552K, used 23520K [0x00000000eab00000, 0x00000000ec580000, 0x0000000100000000)
  eden space 22016K, 100% used [0x00000000eab00000,0x00000000ec080000,0x00000000ec080000)
  from space 1536K, 97% used [0x00000000ec380000,0x00000000ec4f8040,0x00000000ec500000)
  to   space 2560K, 0% used [0x00000000ec080000,0x00000000ec080000,0x00000000ec300000)
 ParOldGen       total 68608K, used 20777K [0x00000000c0000000, 0x00000000c4300000, 0x00000000eab00000)
  object space 68608K, 30% used [0x00000000c0000000,0x00000000c144a5d8,0x00000000c4300000)
 Metaspace       used 43414K, committed 44160K, reserved 1114112K
  class space    used 4385K, committed 4736K, reserved 1048576K
}
Event: 12.375 GC heap after
{Heap after GC invocations=19 (full 2):
 PSYoungGen      total 24576K, used 2176K [0x00000000eab00000, 0x00000000ec580000, 0x0000000100000000)
  eden space 22016K, 0% used [0x00000000eab00000,0x00000000eab00000,0x00000000ec080000)
  from space 2560K, 85% used [0x00000000ec080000,0x00000000ec2a0000,0x00000000ec300000)
  to   space 2560K, 0% used [0x00000000ec300000,0x00000000ec300000,0x00000000ec580000)
 ParOldGen       total 68608K, used 22195K [0x00000000c0000000, 0x00000000c4300000, 0x00000000eab00000)
  object space 68608K, 32% used [0x00000000c0000000,0x00000000c15accf8,0x00000000c4300000)
 Metaspace       used 43414K, committed 44160K, reserved 1114112K
  class space    used 4385K, committed 4736K, reserved 1048576K
}
Event: 12.436 GC heap before
{Heap before GC invocations=20 (full 2):
 PSYoungGen      total 24576K, used 24192K [0x00000000eab00000, 0x00000000ec580000, 0x0000000100000000)
  eden space 22016K, 100% used [0x00000000eab00000,0x00000000ec080000,0x00000000ec080000)
  from space 2560K, 85% used [0x00000000ec080000,0x00000000ec2a0000,0x00000000ec300000)
  to   space 2560K, 0% used [0x00000000ec300000,0x00000000ec300000,0x00000000ec580000)
 ParOldGen       total 68608K, used 22195K [0x00000000c0000000, 0x00000000c4300000, 0x00000000eab00000)
  object space 68608K, 32% used [0x00000000c0000000,0x00000000c15accf8,0x00000000c4300000)
 Metaspace       used 43414K, committed 44160K, reserved 1114112K
  class space    used 4385K, committed 4736K, reserved 1048576K
}
Event: 12.440 GC heap after
{Heap after GC invocations=20 (full 2):
 PSYoungGen      total 24576K, used 2336K [0x00000000eab00000, 0x00000000ec580000, 0x0000000100000000)
  eden space 22016K, 0% used [0x00000000eab00000,0x00000000eab00000,0x00000000ec080000)
  from space 2560K, 91% used [0x00000000ec300000,0x00000000ec548010,0x00000000ec580000)
  to   space 2560K, 0% used [0x00000000ec080000,0x00000000ec080000,0x00000000ec300000)
 ParOldGen       total 68608K, used 24131K [0x00000000c0000000, 0x00000000c4300000, 0x00000000eab00000)
  object space 68608K, 35% used [0x00000000c0000000,0x00000000c1790cf8,0x00000000c4300000)
 Metaspace       used 43414K, committed 44160K, reserved 1114112K
  class space    used 4385K, committed 4736K, reserved 1048576K
}
Event: 12.524 GC heap before
{Heap before GC invocations=21 (full 2):
 PSYoungGen      total 24576K, used 24352K [0x00000000eab00000, 0x00000000ec580000, 0x0000000100000000)
  eden space 22016K, 100% used [0x00000000eab00000,0x00000000ec080000,0x00000000ec080000)
  from space 2560K, 91% used [0x00000000ec300000,0x00000000ec548010,0x00000000ec580000)
  to   space 2560K, 0% used [0x00000000ec080000,0x00000000ec080000,0x00000000ec300000)
 ParOldGen       total 68608K, used 24131K [0x00000000c0000000, 0x00000000c4300000, 0x00000000eab00000)
  object space 68608K, 35% used [0x00000000c0000000,0x00000000c1790cf8,0x00000000c4300000)
 Metaspace       used 43469K, committed 44160K, reserved 1114112K
  class space    used 4393K, committed 4736K, reserved 1048576K
}
Event: 12.527 GC heap after
{Heap after GC invocations=21 (full 2):
 PSYoungGen      total 24064K, used 1760K [0x00000000eab00000, 0x00000000ec480000, 0x0000000100000000)
  eden space 22016K, 0% used [0x00000000eab00000,0x00000000eab00000,0x00000000ec080000)
  from space 2048K, 85% used [0x00000000ec080000,0x00000000ec238000,0x00000000ec280000)
  to   space 2048K, 0% used [0x00000000ec280000,0x00000000ec280000,0x00000000ec480000)
 ParOldGen       total 68608K, used 26145K [0x00000000c0000000, 0x00000000c4300000, 0x00000000eab00000)
  object space 68608K, 38% used [0x00000000c0000000,0x00000000c1988588,0x00000000c4300000)
 Metaspace       used 43469K, committed 44160K, reserved 1114112K
  class space    used 4393K, committed 4736K, reserved 1048576K
}
Event: 13.117 GC heap before
{Heap before GC invocations=22 (full 2):
 PSYoungGen      total 24064K, used 23776K [0x00000000eab00000, 0x00000000ec480000, 0x0000000100000000)
  eden space 22016K, 100% used [0x00000000eab00000,0x00000000ec080000,0x00000000ec080000)
  from space 2048K, 85% used [0x00000000ec080000,0x00000000ec238000,0x00000000ec280000)
  to   space 2048K, 0% used [0x00000000ec280000,0x00000000ec280000,0x00000000ec480000)
 ParOldGen       total 68608K, used 26145K [0x00000000c0000000, 0x00000000c4300000, 0x00000000eab00000)
  object space 68608K, 38% used [0x00000000c0000000,0x00000000c1988588,0x00000000c4300000)
 Metaspace       used 45196K, committed 45952K, reserved 1114112K
  class space    used 4570K, committed 4864K, reserved 1048576K
}
Event: 13.121 GC heap after
{Heap after GC invocations=22 (full 2):
 PSYoungGen      total 20992K, used 2041K [0x00000000eab00000, 0x00000000eca80000, 0x0000000100000000)
  eden space 18944K, 0% used [0x00000000eab00000,0x00000000eab00000,0x00000000ebd80000)
  from space 2048K, 99% used [0x00000000ec280000,0x00000000ec47e6d0,0x00000000ec480000)
  to   space 5120K, 0% used [0x00000000ebd80000,0x00000000ebd80000,0x00000000ec280000)
 ParOldGen       total 68608K, used 28484K [0x00000000c0000000, 0x00000000c4300000, 0x00000000eab00000)
  object space 68608K, 41% used [0x00000000c0000000,0x00000000c1bd1358,0x00000000c4300000)
 Metaspace       used 45196K, committed 45952K, reserved 1114112K
  class space    used 4570K, committed 4864K, reserved 1048576K
}
Event: 13.280 GC heap before
{Heap before GC invocations=23 (full 2):
 PSYoungGen      total 20992K, used 20985K [0x00000000eab00000, 0x00000000eca80000, 0x0000000100000000)
  eden space 18944K, 100% used [0x00000000eab00000,0x00000000ebd80000,0x00000000ebd80000)
  from space 2048K, 99% used [0x00000000ec280000,0x00000000ec47e6d0,0x00000000ec480000)
  to   space 5120K, 0% used [0x00000000ebd80000,0x00000000ebd80000,0x00000000ec280000)
 ParOldGen       total 68608K, used 28484K [0x00000000c0000000, 0x00000000c4300000, 0x00000000eab00000)
  object space 68608K, 41% used [0x00000000c0000000,0x00000000c1bd1358,0x00000000c4300000)
 Metaspace       used 45257K, committed 45952K, reserved 1114112K
  class space    used 4572K, committed 4864K, reserved 1048576K
}
Event: 13.287 GC heap after
{Heap after GC invocations=23 (full 2):
 PSYoungGen      total 19456K, used 339K [0x00000000eab00000, 0x00000000ec300000, 0x0000000100000000)
  eden space 18944K, 0% used [0x00000000eab00000,0x00000000eab00000,0x00000000ebd80000)
  from space 512K, 66% used [0x00000000ebd80000,0x00000000ebdd4c70,0x00000000ebe00000)
  to   space 2048K, 0% used [0x00000000ec100000,0x00000000ec100000,0x00000000ec300000)
 ParOldGen       total 68608K, used 29953K [0x00000000c0000000, 0x00000000c4300000, 0x00000000eab00000)
  object space 68608K, 43% used [0x00000000c0000000,0x00000000c1d40488,0x00000000c4300000)
 Metaspace       used 45257K, committed 45952K, reserved 1114112K
  class space    used 4572K, committed 4864K, reserved 1048576K
}
Event: 13.740 GC heap before
{Heap before GC invocations=24 (full 2):
 PSYoungGen      total 19456K, used 19279K [0x00000000eab00000, 0x00000000ec300000, 0x0000000100000000)
  eden space 18944K, 99% used [0x00000000eab00000,0x00000000ebd7f058,0x00000000ebd80000)
  from space 512K, 66% used [0x00000000ebd80000,0x00000000ebdd4c70,0x00000000ebe00000)
  to   space 2048K, 0% used [0x00000000ec100000,0x00000000ec100000,0x00000000ec300000)
 ParOldGen       total 68608K, used 29953K [0x00000000c0000000, 0x00000000c4300000, 0x00000000eab00000)
  object space 68608K, 43% used [0x00000000c0000000,0x00000000c1d40488,0x00000000c4300000)
 Metaspace       used 46758K, committed 47552K, reserved 1114112K
  class space    used 4715K, committed 5056K, reserved 1048576K
}
Event: 13.742 GC heap after
{Heap after GC invocations=24 (full 2):
 PSYoungGen      total 19456K, used 467K [0x00000000eab00000, 0x00000000ec180000, 0x0000000100000000)
  eden space 18944K, 0% used [0x00000000eab00000,0x00000000eab00000,0x00000000ebd80000)
  from space 512K, 91% used [0x00000000ec100000,0x00000000ec174f50,0x00000000ec180000)
  to   space 1024K, 0% used [0x00000000ebf80000,0x00000000ebf80000,0x00000000ec080000)
 ParOldGen       total 68608K, used 30049K [0x00000000c0000000, 0x00000000c4300000, 0x00000000eab00000)
  object space 68608K, 43% used [0x00000000c0000000,0x00000000c1d58488,0x00000000c4300000)
 Metaspace       used 46758K, committed 47552K, reserved 1114112K
  class space    used 4715K, committed 5056K, reserved 1048576K
}

